<?xml version="1.0" ?>
<coverage branch-rate="0" branches-covered="0" branches-valid="0" complexity="0" line-rate="0.2779" lines-covered="714" lines-valid="2569" timestamp="1503022407521" version="4.4.1">
	<!-- Generated by coverage.py: https://coverage.readthedocs.io -->
	<!-- Based on https://raw.githubusercontent.com/cobertura/web/master/htdocs/xml/coverage-04.dtd -->
	<sources>
		<source>/Users/hunseol/git/elastic_serach_example</source>
	</sources>
	<packages>
		<package branch-rate="0" complexity="0" line-rate="0.5349" name=".Users.hunseol.virtualenv.buzzni.lib.python3.6.site-packages.aiofiles">
			<classes>
				<class branch-rate="0" complexity="0" filename="/Users/hunseol/virtualenv/buzzni/lib/python3.6/site-packages/aiofiles/__init__.py" line-rate="1" name="__init__.py">
					<methods/>
					<lines>
						<line hits="1" number="2"/>
						<line hits="1" number="4"/>
						<line hits="1" number="6"/>
					</lines>
				</class>
				<class branch-rate="0" complexity="0" filename="/Users/hunseol/virtualenv/buzzni/lib/python3.6/site-packages/aiofiles/_compat.py" line-rate="1" name="_compat.py">
					<methods/>
					<lines>
						<line hits="1" number="1"/>
						<line hits="1" number="3"/>
						<line hits="1" number="4"/>
						<line hits="1" number="8"/>
					</lines>
				</class>
				<class branch-rate="0" complexity="0" filename="/Users/hunseol/virtualenv/buzzni/lib/python3.6/site-packages/aiofiles/base.py" line-rate="0.4667" name="base.py">
					<methods/>
					<lines>
						<line hits="1" number="2"/>
						<line hits="1" number="4"/>
						<line hits="1" number="7"/>
						<line hits="1" number="8"/>
						<line hits="0" number="9"/>
						<line hits="0" number="10"/>
						<line hits="0" number="11"/>
						<line hits="1" number="13"/>
						<line hits="1" number="14"/>
						<line hits="0" number="17"/>
						<line hits="1" number="19"/>
						<line hits="0" number="22"/>
						<line hits="0" number="23"/>
						<line hits="0" number="24"/>
						<line hits="0" number="26"/>
						<line hits="1" number="28"/>
						<line hits="1" number="29"/>
						<line hits="1" number="30"/>
						<line hits="0" number="32"/>
						<line hits="1" number="35"/>
						<line hits="1" number="36"/>
						<line hits="1" number="38"/>
						<line hits="0" number="39"/>
						<line hits="0" number="40"/>
						<line hits="1" number="42"/>
						<line hits="0" number="43"/>
						<line hits="1" number="45"/>
						<line hits="0" number="46"/>
						<line hits="0" number="47"/>
						<line hits="0" number="48"/>
						<line hits="0" number="49"/>
						<line hits="0" number="51"/>
						<line hits="1" number="53"/>
						<line hits="0" number="54"/>
						<line hits="1" number="56"/>
						<line hits="0" number="58"/>
						<line hits="1" number="60"/>
						<line hits="0" number="62"/>
						<line hits="1" number="64"/>
						<line hits="0" number="66"/>
						<line hits="1" number="68"/>
						<line hits="0" number="69"/>
						<line hits="1" number="71"/>
						<line hits="0" number="73"/>
						<line hits="0" number="74"/>
						<line hits="1" number="76"/>
						<line hits="1" number="77"/>
						<line hits="0" number="78"/>
						<line hits="0" number="79"/>
						<line hits="1" number="81"/>
						<line hits="0" number="83"/>
						<line hits="0" number="84"/>
						<line hits="1" number="86"/>
						<line hits="0" number="88"/>
						<line hits="0" number="89"/>
						<line hits="1" number="92"/>
						<line hits="1" number="94"/>
						<line hits="1" number="95"/>
						<line hits="0" number="97"/>
						<line hits="0" number="98"/>
					</lines>
				</class>
				<class branch-rate="0" complexity="0" filename="/Users/hunseol/virtualenv/buzzni/lib/python3.6/site-packages/aiofiles/os.py" line-rate="0.5789" name="os.py">
					<methods/>
					<lines>
						<line hits="1" number="2"/>
						<line hits="1" number="3"/>
						<line hits="1" number="4"/>
						<line hits="1" number="5"/>
						<line hits="1" number="8"/>
						<line hits="1" number="9"/>
						<line hits="1" number="10"/>
						<line hits="0" number="11"/>
						<line hits="0" number="12"/>
						<line hits="0" number="13"/>
						<line hits="0" number="14"/>
						<line hits="1" number="17"/>
						<line hits="1" number="18"/>
						<line hits="1" number="19"/>
						<line hits="1" number="20"/>
						<line hits="0" number="21"/>
						<line hits="0" number="22"/>
						<line hits="0" number="23"/>
						<line hits="0" number="24"/>
					</lines>
				</class>
			</classes>
		</package>
		<package branch-rate="0" complexity="0" line-rate="0.8256" name=".Users.hunseol.virtualenv.buzzni.lib.python3.6.site-packages.aiofiles.threadpool">
			<classes>
				<class branch-rate="0" complexity="0" filename="/Users/hunseol/virtualenv/buzzni/lib/python3.6/site-packages/aiofiles/threadpool/__init__.py" line-rate="0.6765" name="__init__.py">
					<methods/>
					<lines>
						<line hits="1" number="2"/>
						<line hits="1" number="4"/>
						<line hits="1" number="6"/>
						<line hits="1" number="8"/>
						<line hits="1" number="9"/>
						<line hits="1" number="10"/>
						<line hits="1" number="11"/>
						<line hits="1" number="13"/>
						<line hits="1" number="15"/>
						<line hits="1" number="18"/>
						<line hits="0" number="20"/>
						<line hits="1" number="27"/>
						<line hits="1" number="28"/>
						<line hits="0" number="31"/>
						<line hits="0" number="32"/>
						<line hits="0" number="33"/>
						<line hits="0" number="36"/>
						<line hits="0" number="38"/>
						<line hits="1" number="41"/>
						<line hits="1" number="42"/>
						<line hits="0" number="43"/>
						<line hits="1" number="46"/>
						<line hits="1" number="47"/>
						<line hits="0" number="48"/>
						<line hits="1" number="51"/>
						<line hits="1" number="52"/>
						<line hits="0" number="53"/>
						<line hits="1" number="56"/>
						<line hits="1" number="57"/>
						<line hits="1" number="58"/>
						<line hits="0" number="59"/>
						<line hits="1" number="62"/>
						<line hits="1" number="63"/>
						<line hits="0" number="64"/>
					</lines>
				</class>
				<class branch-rate="0" complexity="0" filename="/Users/hunseol/virtualenv/buzzni/lib/python3.6/site-packages/aiofiles/threadpool/binary.py" line-rate="1" name="binary.py">
					<methods/>
					<lines>
						<line hits="1" number="1"/>
						<line hits="1" number="2"/>
						<line hits="1" number="6"/>
						<line hits="1" number="9"/>
						<line hits="1" number="10"/>
						<line hits="1" number="11"/>
						<line hits="1" number="15"/>
						<line hits="1" number="16"/>
						<line hits="1" number="20"/>
						<line hits="1" number="23"/>
						<line hits="1" number="24"/>
						<line hits="1" number="25"/>
					</lines>
				</class>
				<class branch-rate="0" complexity="0" filename="/Users/hunseol/virtualenv/buzzni/lib/python3.6/site-packages/aiofiles/threadpool/text.py" line-rate="1" name="text.py">
					<methods/>
					<lines>
						<line hits="1" number="1"/>
						<line hits="1" number="3"/>
						<line hits="1" number="4"/>
						<line hits="1" number="7"/>
						<line hits="1" number="10"/>
						<line hits="1" number="11"/>
						<line hits="1" number="13"/>
					</lines>
				</class>
				<class branch-rate="0" complexity="0" filename="/Users/hunseol/virtualenv/buzzni/lib/python3.6/site-packages/aiofiles/threadpool/utils.py" line-rate="0.8788" name="utils.py">
					<methods/>
					<lines>
						<line hits="1" number="1"/>
						<line hits="1" number="2"/>
						<line hits="1" number="5"/>
						<line hits="1" number="6"/>
						<line hits="1" number="7"/>
						<line hits="1" number="8"/>
						<line hits="1" number="9"/>
						<line hits="1" number="10"/>
						<line hits="1" number="13"/>
						<line hits="1" number="14"/>
						<line hits="1" number="15"/>
						<line hits="1" number="16"/>
						<line hits="1" number="17"/>
						<line hits="1" number="19"/>
						<line hits="1" number="22"/>
						<line hits="1" number="23"/>
						<line hits="1" number="24"/>
						<line hits="1" number="25"/>
						<line hits="1" number="26"/>
						<line hits="1" number="28"/>
						<line hits="1" number="31"/>
						<line hits="1" number="32"/>
						<line hits="0" number="34"/>
						<line hits="0" number="36"/>
						<line hits="1" number="37"/>
						<line hits="1" number="40"/>
						<line hits="1" number="41"/>
						<line hits="0" number="42"/>
						<line hits="1" number="43"/>
						<line hits="1" number="46"/>
						<line hits="1" number="47"/>
						<line hits="0" number="48"/>
						<line hits="1" number="49"/>
					</lines>
				</class>
			</classes>
		</package>
		<package branch-rate="0" complexity="0" line-rate="1" name=".Users.hunseol.virtualenv.buzzni.lib.python3.6.site-packages.httptools">
			<classes>
				<class branch-rate="0" complexity="0" filename="/Users/hunseol/virtualenv/buzzni/lib/python3.6/site-packages/httptools/__init__.py" line-rate="1" name="__init__.py">
					<methods/>
					<lines>
						<line hits="1" number="1"/>
						<line hits="1" number="4"/>
					</lines>
				</class>
			</classes>
		</package>
		<package branch-rate="0" complexity="0" line-rate="1" name=".Users.hunseol.virtualenv.buzzni.lib.python3.6.site-packages.httptools.parser">
			<classes>
				<class branch-rate="0" complexity="0" filename="/Users/hunseol/virtualenv/buzzni/lib/python3.6/site-packages/httptools/parser/__init__.py" line-rate="1" name="__init__.py">
					<methods/>
					<lines>
						<line hits="1" number="1"/>
						<line hits="1" number="2"/>
						<line hits="1" number="5"/>
					</lines>
				</class>
				<class branch-rate="0" complexity="0" filename="/Users/hunseol/virtualenv/buzzni/lib/python3.6/site-packages/httptools/parser/errors.py" line-rate="1" name="errors.py">
					<methods/>
					<lines>
						<line hits="1" number="1"/>
						<line hits="1" number="9"/>
						<line hits="1" number="10"/>
						<line hits="1" number="13"/>
						<line hits="1" number="14"/>
						<line hits="1" number="17"/>
						<line hits="1" number="18"/>
						<line hits="1" number="21"/>
						<line hits="1" number="22"/>
						<line hits="1" number="25"/>
						<line hits="1" number="26"/>
						<line hits="1" number="29"/>
						<line hits="1" number="30"/>
					</lines>
				</class>
			</classes>
		</package>
		<package branch-rate="0" complexity="0" line-rate="0.2378" name=".Users.hunseol.virtualenv.buzzni.lib.python3.6.site-packages.sanic">
			<classes>
				<class branch-rate="0" complexity="0" filename="/Users/hunseol/virtualenv/buzzni/lib/python3.6/site-packages/sanic/__init__.py" line-rate="1" name="__init__.py">
					<methods/>
					<lines>
						<line hits="1" number="1"/>
						<line hits="1" number="2"/>
						<line hits="1" number="4"/>
						<line hits="1" number="6"/>
					</lines>
				</class>
				<class branch-rate="0" complexity="0" filename="/Users/hunseol/virtualenv/buzzni/lib/python3.6/site-packages/sanic/app.py" line-rate="0.1798" name="app.py">
					<methods/>
					<lines>
						<line hits="1" number="1"/>
						<line hits="1" number="2"/>
						<line hits="1" number="3"/>
						<line hits="1" number="4"/>
						<line hits="1" number="5"/>
						<line hits="1" number="6"/>
						<line hits="1" number="7"/>
						<line hits="1" number="8"/>
						<line hits="1" number="9"/>
						<line hits="1" number="10"/>
						<line hits="1" number="11"/>
						<line hits="1" number="13"/>
						<line hits="1" number="14"/>
						<line hits="1" number="15"/>
						<line hits="1" number="16"/>
						<line hits="1" number="17"/>
						<line hits="1" number="18"/>
						<line hits="1" number="19"/>
						<line hits="1" number="20"/>
						<line hits="1" number="21"/>
						<line hits="1" number="22"/>
						<line hits="1" number="23"/>
						<line hits="1" number="24"/>
						<line hits="1" number="27"/>
						<line hits="1" number="29"/>
						<line hits="0" number="32"/>
						<line hits="0" number="33"/>
						<line hits="0" number="36"/>
						<line hits="0" number="37"/>
						<line hits="0" number="39"/>
						<line hits="0" number="40"/>
						<line hits="0" number="41"/>
						<line hits="0" number="42"/>
						<line hits="0" number="45"/>
						<line hits="0" number="46"/>
						<line hits="0" number="47"/>
						<line hits="0" number="49"/>
						<line hits="0" number="50"/>
						<line hits="0" number="51"/>
						<line hits="0" number="52"/>
						<line hits="0" number="53"/>
						<line hits="0" number="54"/>
						<line hits="0" number="55"/>
						<line hits="0" number="56"/>
						<line hits="0" number="57"/>
						<line hits="0" number="58"/>
						<line hits="0" number="59"/>
						<line hits="0" number="60"/>
						<line hits="0" number="61"/>
						<line hits="0" number="62"/>
						<line hits="0" number="63"/>
						<line hits="0" number="64"/>
						<line hits="0" number="67"/>
						<line hits="1" number="69"/>
						<line hits="0" number="75"/>
						<line hits="0" number="76"/>
						<line hits="0" number="79"/>
						<line hits="1" number="85"/>
						<line hits="0" number="93"/>
						<line hits="0" number="95"/>
						<line hits="0" number="96"/>
						<line hits="0" number="98"/>
						<line hits="1" number="101"/>
						<line hits="0" number="106"/>
						<line hits="0" number="107"/>
						<line hits="0" number="108"/>
						<line hits="0" number="109"/>
						<line hits="1" number="112"/>
						<line hits="0" number="124"/>
						<line hits="0" number="125"/>
						<line hits="0" number="127"/>
						<line hits="0" number="128"/>
						<line hits="0" number="130"/>
						<line hits="0" number="132"/>
						<line hits="1" number="135"/>
						<line hits="0" number="136"/>
						<line hits="1" number="139"/>
						<line hits="0" number="140"/>
						<line hits="1" number="143"/>
						<line hits="0" number="144"/>
						<line hits="1" number="147"/>
						<line hits="0" number="148"/>
						<line hits="1" number="151"/>
						<line hits="0" number="152"/>
						<line hits="1" number="155"/>
						<line hits="0" number="156"/>
						<line hits="1" number="159"/>
						<line hits="0" number="160"/>
						<line hits="1" number="163"/>
						<line hits="0" number="177"/>
						<line hits="0" number="178"/>
						<line hits="0" number="180"/>
						<line hits="0" number="181"/>
						<line hits="0" number="182"/>
						<line hits="0" number="185"/>
						<line hits="0" number="186"/>
						<line hits="0" number="188"/>
						<line hits="0" number="190"/>
						<line hits="1" number="193"/>
						<line hits="0" number="199"/>
						<line hits="0" number="203"/>
						<line hits="0" number="204"/>
						<line hits="0" number="206"/>
						<line hits="0" number="207"/>
						<line hits="0" number="208"/>
						<line hits="0" number="209"/>
						<line hits="0" number="210"/>
						<line hits="0" number="215"/>
						<line hits="0" number="216"/>
						<line hits="0" number="217"/>
						<line hits="0" number="218"/>
						<line hits="0" number="219"/>
						<line hits="0" number="220"/>
						<line hits="0" number="221"/>
						<line hits="0" number="222"/>
						<line hits="0" number="224"/>
						<line hits="0" number="227"/>
						<line hits="0" number="229"/>
						<line hits="1" number="231"/>
						<line hits="0" number="234"/>
						<line hits="1" number="237"/>
						<line hits="0" number="243"/>
						<line hits="0" number="246"/>
						<line hits="0" number="248"/>
						<line hits="0" number="249"/>
						<line hits="0" number="251"/>
						<line hits="1" number="253"/>
						<line hits="0" number="254"/>
						<line hits="1" number="257"/>
						<line hits="0" number="264"/>
						<line hits="0" number="265"/>
						<line hits="0" number="266"/>
						<line hits="0" number="267"/>
						<line hits="0" number="268"/>
						<line hits="0" number="270"/>
						<line hits="0" number="271"/>
						<line hits="0" number="273"/>
						<line hits="1" number="276"/>
						<line hits="0" number="280"/>
						<line hits="0" number="281"/>
						<line hits="0" number="282"/>
						<line hits="0" number="283"/>
						<line hits="0" number="284"/>
						<line hits="0" number="285"/>
						<line hits="0" number="288"/>
						<line hits="0" number="289"/>
						<line hits="0" number="292"/>
						<line hits="1" number="296"/>
						<line hits="0" number="301"/>
						<line hits="1" number="304"/>
						<line hits="0" number="311"/>
						<line hits="0" number="312"/>
						<line hits="0" number="317"/>
						<line hits="0" number="318"/>
						<line hits="0" number="319"/>
						<line hits="1" number="321"/>
						<line hits="0" number="323"/>
						<line hits="0" number="324"/>
						<line hits="0" number="325"/>
						<line hits="0" number="329"/>
						<line hits="1" number="331"/>
						<line hits="0" number="352"/>
						<line hits="0" number="354"/>
						<line hits="0" number="355"/>
						<line hits="0" number="359"/>
						<line hits="0" number="360"/>
						<line hits="0" number="362"/>
						<line hits="0" number="365"/>
						<line hits="0" number="369"/>
						<line hits="0" number="370"/>
						<line hits="0" number="372"/>
						<line hits="0" number="373"/>
						<line hits="0" number="374"/>
						<line hits="0" number="375"/>
						<line hits="0" number="377"/>
						<line hits="0" number="378"/>
						<line hits="0" number="379"/>
						<line hits="0" number="381"/>
						<line hits="0" number="382"/>
						<line hits="0" number="385"/>
						<line hits="0" number="386"/>
						<line hits="0" number="388"/>
						<line hits="0" number="389"/>
						<line hits="0" number="390"/>
						<line hits="0" number="392"/>
						<line hits="0" number="396"/>
						<line hits="0" number="399"/>
						<line hits="0" number="401"/>
						<line hits="0" number="402"/>
						<line hits="0" number="403"/>
						<line hits="0" number="408"/>
						<line hits="0" number="412"/>
						<line hits="0" number="415"/>
						<line hits="0" number="417"/>
						<line hits="0" number="421"/>
						<line hits="0" number="423"/>
						<line hits="0" number="425"/>
						<line hits="1" number="431"/>
						<line hits="0" number="432"/>
						<line hits="1" number="434"/>
						<line hits="0" number="447"/>
						<line hits="0" number="452"/>
						<line hits="0" number="453"/>
						<line hits="0" number="455"/>
						<line hits="0" number="461"/>
						<line hits="0" number="462"/>
						<line hits="0" number="463"/>
						<line hits="0" number="464"/>
						<line hits="0" number="469"/>
						<line hits="0" number="470"/>
						<line hits="0" number="471"/>
						<line hits="0" number="472"/>
						<line hits="0" number="477"/>
						<line hits="0" number="478"/>
						<line hits="0" number="479"/>
						<line hits="0" number="480"/>
						<line hits="0" number="481"/>
						<line hits="0" number="482"/>
						<line hits="0" number="483"/>
						<line hits="0" number="487"/>
						<line hits="0" number="493"/>
						<line hits="0" number="494"/>
						<line hits="0" number="496"/>
						<line hits="0" number="497"/>
						<line hits="0" number="502"/>
						<line hits="0" number="503"/>
						<line hits="0" number="505"/>
						<line hits="1" number="511"/>
						<line hits="0" number="513"/>
						<line hits="1" number="519"/>
						<line hits="0" number="540"/>
						<line hits="0" number="541"/>
						<line hits="0" number="542"/>
						<line hits="0" number="543"/>
						<line hits="0" number="545"/>
						<line hits="0" number="546"/>
						<line hits="0" number="547"/>
						<line hits="0" number="548"/>
						<line hits="0" number="550"/>
						<line hits="0" number="556"/>
						<line hits="0" number="557"/>
						<line hits="0" number="558"/>
						<line hits="0" number="559"/>
						<line hits="0" number="561"/>
						<line hits="0" number="562"/>
						<line hits="0" number="563"/>
						<line hits="0" number="565"/>
						<line hits="0" number="567"/>
						<line hits="0" number="568"/>
						<line hits="1" number="570"/>
						<line hits="0" number="572"/>
						<line hits="1" number="574"/>
						<line hits="0" number="576"/>
						<line hits="1" number="578"/>
						<line hits="0" number="587"/>
						<line hits="0" number="588"/>
						<line hits="0" number="589"/>
						<line hits="0" number="590"/>
						<line hits="0" number="592"/>
						<line hits="0" number="593"/>
						<line hits="0" number="594"/>
						<line hits="0" number="595"/>
						<line hits="0" number="597"/>
						<line hits="0" number="603"/>
						<line hits="1" number="605"/>
						<line hits="0" number="607"/>
						<line hits="0" number="608"/>
						<line hits="0" number="609"/>
						<line hits="0" number="610"/>
						<line hits="0" number="611"/>
						<line hits="0" number="612"/>
						<line hits="0" number="613"/>
						<line hits="0" number="614"/>
						<line hits="1" number="616"/>
						<line hits="0" number="617"/>
						<line hits="0" number="618"/>
						<line hits="0" number="619"/>
						<line hits="0" number="620"/>
						<line hits="0" number="621"/>
						<line hits="0" number="622"/>
						<line hits="0" number="623"/>
						<line hits="0" number="624"/>
						<line hits="0" number="625"/>
						<line hits="1" number="627"/>
						<line hits="0" number="633"/>
						<line hits="0" number="635"/>
						<line hits="0" number="636"/>
						<line hits="0" number="637"/>
						<line hits="0" number="638"/>
						<line hits="0" number="639"/>
						<line hits="0" number="640"/>
						<line hits="0" number="641"/>
						<line hits="0" number="642"/>
						<line hits="0" number="643"/>
						<line hits="0" number="644"/>
						<line hits="0" number="645"/>
						<line hits="0" number="648"/>
						<line hits="0" number="649"/>
						<line hits="0" number="651"/>
						<line hits="0" number="675"/>
						<line hits="0" number="681"/>
						<line hits="0" number="682"/>
						<line hits="0" number="683"/>
						<line hits="0" number="685"/>
						<line hits="0" number="686"/>
						<line hits="0" number="688"/>
						<line hits="0" number="689"/>
						<line hits="0" number="690"/>
						<line hits="0" number="691"/>
						<line hits="0" number="693"/>
						<line hits="0" number="694"/>
						<line hits="0" number="697"/>
						<line hits="0" number="698"/>
						<line hits="0" number="699"/>
						<line hits="0" number="700"/>
						<line hits="0" number="701"/>
						<line hits="0" number="703"/>
					</lines>
				</class>
				<class branch-rate="0" complexity="0" filename="/Users/hunseol/virtualenv/buzzni/lib/python3.6/site-packages/sanic/blueprints.py" line-rate="0.25" name="blueprints.py">
					<methods/>
					<lines>
						<line hits="1" number="1"/>
						<line hits="1" number="3"/>
						<line hits="1" number="4"/>
						<line hits="1" number="6"/>
						<line hits="1" number="9"/>
						<line hits="1" number="10"/>
						<line hits="1" number="11"/>
						<line hits="1" number="12"/>
						<line hits="1" number="16"/>
						<line hits="1" number="17"/>
						<line hits="0" number="23"/>
						<line hits="0" number="24"/>
						<line hits="0" number="25"/>
						<line hits="0" number="27"/>
						<line hits="0" number="28"/>
						<line hits="0" number="29"/>
						<line hits="0" number="30"/>
						<line hits="0" number="31"/>
						<line hits="0" number="32"/>
						<line hits="1" number="34"/>
						<line hits="0" number="37"/>
						<line hits="0" number="40"/>
						<line hits="0" number="43"/>
						<line hits="0" number="45"/>
						<line hits="0" number="46"/>
						<line hits="0" number="53"/>
						<line hits="0" number="56"/>
						<line hits="0" number="58"/>
						<line hits="0" number="59"/>
						<line hits="0" number="66"/>
						<line hits="0" number="67"/>
						<line hits="0" number="68"/>
						<line hits="0" number="71"/>
						<line hits="0" number="74"/>
						<line hits="0" number="75"/>
						<line hits="0" number="78"/>
						<line hits="0" number="80"/>
						<line hits="0" number="81"/>
						<line hits="0" number="85"/>
						<line hits="0" number="86"/>
						<line hits="0" number="87"/>
						<line hits="1" number="89"/>
						<line hits="0" number="96"/>
						<line hits="0" number="97"/>
						<line hits="0" number="98"/>
						<line hits="0" number="99"/>
						<line hits="0" number="100"/>
						<line hits="1" number="102"/>
						<line hits="0" number="113"/>
						<line hits="0" number="114"/>
						<line hits="0" number="116"/>
						<line hits="0" number="117"/>
						<line hits="0" number="118"/>
						<line hits="0" number="121"/>
						<line hits="0" number="122"/>
						<line hits="0" number="124"/>
						<line hits="0" number="126"/>
						<line hits="1" number="128"/>
						<line hits="0" number="133"/>
						<line hits="0" number="134"/>
						<line hits="0" number="135"/>
						<line hits="0" number="136"/>
						<line hits="0" number="137"/>
						<line hits="1" number="139"/>
						<line hits="0" number="147"/>
						<line hits="0" number="148"/>
						<line hits="1" number="150"/>
						<line hits="0" number="155"/>
						<line hits="0" number="156"/>
						<line hits="0" number="157"/>
						<line hits="0" number="158"/>
						<line hits="1" number="160"/>
						<line hits="0" number="162"/>
						<line hits="0" number="163"/>
						<line hits="0" number="164"/>
						<line hits="0" number="165"/>
						<line hits="0" number="168"/>
						<line hits="0" number="169"/>
						<line hits="0" number="170"/>
						<line hits="0" number="171"/>
						<line hits="0" number="173"/>
						<line hits="1" number="175"/>
						<line hits="0" number="177"/>
						<line hits="0" number="178"/>
						<line hits="0" number="179"/>
						<line hits="0" number="180"/>
						<line hits="0" number="181"/>
						<line hits="1" number="183"/>
						<line hits="0" number="189"/>
						<line hits="0" number="190"/>
						<line hits="1" number="193"/>
						<line hits="0" number="194"/>
						<line hits="1" number="197"/>
						<line hits="0" number="198"/>
						<line hits="1" number="201"/>
						<line hits="0" number="202"/>
						<line hits="1" number="205"/>
						<line hits="0" number="206"/>
						<line hits="1" number="209"/>
						<line hits="0" number="210"/>
						<line hits="1" number="213"/>
						<line hits="0" number="214"/>
						<line hits="1" number="217"/>
						<line hits="0" number="218"/>
					</lines>
				</class>
				<class branch-rate="0" complexity="0" filename="/Users/hunseol/virtualenv/buzzni/lib/python3.6/site-packages/sanic/config.py" line-rate="0.3519" name="config.py">
					<methods/>
					<lines>
						<line hits="1" number="1"/>
						<line hits="1" number="2"/>
						<line hits="1" number="3"/>
						<line hits="1" number="4"/>
						<line hits="1" number="5"/>
						<line hits="1" number="6"/>
						<line hits="1" number="8"/>
						<line hits="1" number="10"/>
						<line hits="1" number="17"/>
						<line hits="1" number="112"/>
						<line hits="1" number="113"/>
						<line hits="0" number="114"/>
						<line hits="0" number="115"/>
						<line hits="1" number="118"/>
						<line hits="1" number="119"/>
						<line hits="0" number="120"/>
						<line hits="0" number="121"/>
						<line hits="0" number="142"/>
						<line hits="0" number="143"/>
						<line hits="0" number="144"/>
						<line hits="0" number="146"/>
						<line hits="0" number="147"/>
						<line hits="1" number="149"/>
						<line hits="0" number="150"/>
						<line hits="0" number="151"/>
						<line hits="0" number="152"/>
						<line hits="0" number="153"/>
						<line hits="1" number="155"/>
						<line hits="0" number="156"/>
						<line hits="1" number="158"/>
						<line hits="0" number="165"/>
						<line hits="0" number="166"/>
						<line hits="0" number="167"/>
						<line hits="0" number="170"/>
						<line hits="1" number="172"/>
						<line hits="0" number="178"/>
						<line hits="0" number="179"/>
						<line hits="0" number="180"/>
						<line hits="0" number="181"/>
						<line hits="0" number="182"/>
						<line hits="0" number="184"/>
						<line hits="0" number="185"/>
						<line hits="0" number="186"/>
						<line hits="0" number="187"/>
						<line hits="0" number="188"/>
						<line hits="1" number="190"/>
						<line hits="0" number="207"/>
						<line hits="0" number="208"/>
						<line hits="0" number="209"/>
						<line hits="1" number="211"/>
						<line hits="0" number="216"/>
						<line hits="0" number="217"/>
						<line hits="0" number="218"/>
						<line hits="0" number="219"/>
					</lines>
				</class>
				<class branch-rate="0" complexity="0" filename="/Users/hunseol/virtualenv/buzzni/lib/python3.6/site-packages/sanic/constants.py" line-rate="1" name="constants.py">
					<methods/>
					<lines>
						<line hits="1" number="1"/>
					</lines>
				</class>
				<class branch-rate="0" complexity="0" filename="/Users/hunseol/virtualenv/buzzni/lib/python3.6/site-packages/sanic/cookies.py" line-rate="0.2917" name="cookies.py">
					<methods/>
					<lines>
						<line hits="1" number="1"/>
						<line hits="1" number="2"/>
						<line hits="1" number="10"/>
						<line hits="1" number="11"/>
						<line hits="1" number="13"/>
						<line hits="1" number="15"/>
						<line hits="1" number="21"/>
						<line hits="0" number="27"/>
						<line hits="0" number="28"/>
						<line hits="0" number="30"/>
						<line hits="1" number="33"/>
						<line hits="1" number="40"/>
						<line hits="1" number="46"/>
						<line hits="0" number="47"/>
						<line hits="0" number="48"/>
						<line hits="0" number="49"/>
						<line hits="1" number="51"/>
						<line hits="0" number="53"/>
						<line hits="0" number="54"/>
						<line hits="0" number="55"/>
						<line hits="0" number="56"/>
						<line hits="0" number="57"/>
						<line hits="0" number="58"/>
						<line hits="0" number="59"/>
						<line hits="0" number="60"/>
						<line hits="0" number="62"/>
						<line hits="1" number="64"/>
						<line hits="0" number="65"/>
						<line hits="0" number="66"/>
						<line hits="0" number="67"/>
						<line hits="0" number="69"/>
						<line hits="0" number="70"/>
						<line hits="0" number="71"/>
						<line hits="0" number="72"/>
						<line hits="1" number="75"/>
						<line hits="1" number="77"/>
						<line hits="1" number="87"/>
						<line hits="1" number="89"/>
						<line hits="0" number="90"/>
						<line hits="0" number="91"/>
						<line hits="0" number="92"/>
						<line hits="0" number="93"/>
						<line hits="0" number="94"/>
						<line hits="0" number="95"/>
						<line hits="0" number="96"/>
						<line hits="1" number="98"/>
						<line hits="0" number="99"/>
						<line hits="0" number="100"/>
						<line hits="0" number="101"/>
						<line hits="1" number="103"/>
						<line hits="0" number="104"/>
						<line hits="0" number="105"/>
						<line hits="0" number="106"/>
						<line hits="0" number="107"/>
						<line hits="0" number="108"/>
						<line hits="0" number="109"/>
						<line hits="0" number="110"/>
						<line hits="0" number="111"/>
						<line hits="0" number="112"/>
						<line hits="0" number="113"/>
						<line hits="0" number="117"/>
						<line hits="0" number="118"/>
						<line hits="0" number="119"/>
						<line hits="0" number="120"/>
						<line hits="0" number="121"/>
						<line hits="0" number="123"/>
						<line hits="0" number="125"/>
						<line hits="1" number="132"/>
						<line hits="1" number="136"/>
						<line hits="0" number="137"/>
						<line hits="1" number="139"/>
						<line hits="0" number="140"/>
					</lines>
				</class>
				<class branch-rate="0" complexity="0" filename="/Users/hunseol/virtualenv/buzzni/lib/python3.6/site-packages/sanic/defaultFilter.py" line-rate="0.4" name="defaultFilter.py">
					<methods/>
					<lines>
						<line hits="1" number="1"/>
						<line hits="1" number="4"/>
						<line hits="1" number="5"/>
						<line hits="0" number="6"/>
						<line hits="1" number="8"/>
						<line hits="0" number="9"/>
						<line hits="0" number="10"/>
						<line hits="0" number="11"/>
						<line hits="0" number="12"/>
						<line hits="0" number="13"/>
					</lines>
				</class>
				<class branch-rate="0" complexity="0" filename="/Users/hunseol/virtualenv/buzzni/lib/python3.6/site-packages/sanic/exceptions.py" line-rate="0.7895" name="exceptions.py">
					<methods/>
					<lines>
						<line hits="1" number="1"/>
						<line hits="1" number="64"/>
						<line hits="1" number="81"/>
						<line hits="1" number="90"/>
						<line hits="1" number="99"/>
						<line hits="1" number="109"/>
						<line hits="1" number="118"/>
						<line hits="1" number="120"/>
						<line hits="0" number="121"/>
						<line hits="0" number="123"/>
						<line hits="0" number="124"/>
						<line hits="1" number="127"/>
						<line hits="1" number="128"/>
						<line hits="1" number="131"/>
						<line hits="1" number="132"/>
						<line hits="1" number="135"/>
						<line hits="1" number="136"/>
						<line hits="1" number="139"/>
						<line hits="1" number="140"/>
						<line hits="1" number="143"/>
						<line hits="1" number="144"/>
						<line hits="1" number="146"/>
						<line hits="0" number="147"/>
						<line hits="0" number="148"/>
						<line hits="0" number="149"/>
						<line hits="1" number="152"/>
						<line hits="1" number="153"/>
						<line hits="1" number="156"/>
						<line hits="1" number="157"/>
						<line hits="1" number="160"/>
						<line hits="1" number="161"/>
						<line hits="1" number="164"/>
						<line hits="1" number="165"/>
						<line hits="1" number="167"/>
						<line hits="0" number="168"/>
						<line hits="0" number="169"/>
						<line hits="1" number="175"/>
						<line hits="1" number="176"/>
					</lines>
				</class>
				<class branch-rate="0" complexity="0" filename="/Users/hunseol/virtualenv/buzzni/lib/python3.6/site-packages/sanic/handlers.py" line-rate="0.2121" name="handlers.py">
					<methods/>
					<lines>
						<line hits="1" number="1"/>
						<line hits="1" number="2"/>
						<line hits="1" number="4"/>
						<line hits="1" number="15"/>
						<line hits="1" number="16"/>
						<line hits="1" number="19"/>
						<line hits="1" number="20"/>
						<line hits="1" number="21"/>
						<line hits="1" number="22"/>
						<line hits="1" number="24"/>
						<line hits="0" number="25"/>
						<line hits="0" number="26"/>
						<line hits="0" number="27"/>
						<line hits="1" number="29"/>
						<line hits="0" number="30"/>
						<line hits="0" number="32"/>
						<line hits="0" number="33"/>
						<line hits="0" number="34"/>
						<line hits="0" number="36"/>
						<line hits="1" number="41"/>
						<line hits="0" number="42"/>
						<line hits="0" number="43"/>
						<line hits="0" number="45"/>
						<line hits="0" number="46"/>
						<line hits="0" number="47"/>
						<line hits="0" number="49"/>
						<line hits="1" number="56"/>
						<line hits="0" number="57"/>
						<line hits="1" number="59"/>
						<line hits="0" number="60"/>
						<line hits="0" number="61"/>
						<line hits="0" number="62"/>
						<line hits="0" number="63"/>
						<line hits="0" number="64"/>
						<line hits="0" number="65"/>
						<line hits="0" number="66"/>
						<line hits="0" number="67"/>
						<line hits="0" number="68"/>
						<line hits="1" number="70"/>
						<line hits="0" number="78"/>
						<line hits="0" number="79"/>
						<line hits="0" number="80"/>
						<line hits="0" number="81"/>
						<line hits="0" number="82"/>
						<line hits="0" number="83"/>
						<line hits="0" number="84"/>
						<line hits="0" number="85"/>
						<line hits="0" number="86"/>
						<line hits="0" number="87"/>
						<line hits="0" number="88"/>
						<line hits="0" number="89"/>
						<line hits="0" number="93"/>
						<line hits="0" number="94"/>
						<line hits="0" number="96"/>
						<line hits="0" number="97"/>
						<line hits="1" number="99"/>
						<line hits="0" number="104"/>
						<line hits="1" number="106"/>
						<line hits="0" number="107"/>
						<line hits="0" number="108"/>
						<line hits="0" number="109"/>
						<line hits="0" number="114"/>
						<line hits="0" number="115"/>
						<line hits="0" number="117"/>
						<line hits="0" number="120"/>
						<line hits="0" number="121"/>
						<line hits="0" number="123"/>
						<line hits="1" number="126"/>
						<line hits="1" number="128"/>
						<line hits="1" number="130"/>
						<line hits="0" number="131"/>
						<line hits="0" number="132"/>
						<line hits="0" number="133"/>
						<line hits="0" number="134"/>
						<line hits="0" number="135"/>
						<line hits="0" number="136"/>
						<line hits="0" number="137"/>
						<line hits="0" number="139"/>
						<line hits="0" number="140"/>
						<line hits="0" number="141"/>
						<line hits="0" number="142"/>
						<line hits="0" number="143"/>
						<line hits="0" number="145"/>
						<line hits="0" number="146"/>
						<line hits="0" number="147"/>
						<line hits="0" number="148"/>
						<line hits="0" number="150"/>
						<line hits="0" number="151"/>
						<line hits="0" number="152"/>
						<line hits="0" number="156"/>
						<line hits="0" number="158"/>
						<line hits="0" number="160"/>
						<line hits="0" number="161"/>
						<line hits="0" number="162"/>
						<line hits="0" number="163"/>
						<line hits="0" number="165"/>
						<line hits="0" number="166"/>
						<line hits="1" number="170"/>
						<line hits="0" number="171"/>
					</lines>
				</class>
				<class branch-rate="0" complexity="0" filename="/Users/hunseol/virtualenv/buzzni/lib/python3.6/site-packages/sanic/log.py" line-rate="1" name="log.py">
					<methods/>
					<lines>
						<line hits="1" number="1"/>
						<line hits="1" number="3"/>
						<line hits="1" number="4"/>
					</lines>
				</class>
				<class branch-rate="0" complexity="0" filename="/Users/hunseol/virtualenv/buzzni/lib/python3.6/site-packages/sanic/request.py" line-rate="0.2199" name="request.py">
					<methods/>
					<lines>
						<line hits="1" number="1"/>
						<line hits="1" number="2"/>
						<line hits="1" number="3"/>
						<line hits="1" number="4"/>
						<line hits="1" number="5"/>
						<line hits="1" number="7"/>
						<line hits="1" number="8"/>
						<line hits="0" number="9"/>
						<line hits="0" number="10"/>
						<line hits="1" number="12"/>
						<line hits="1" number="13"/>
						<line hits="1" number="16"/>
						<line hits="1" number="22"/>
						<line hits="1" number="27"/>
						<line hits="0" number="29"/>
						<line hits="1" number="31"/>
						<line hits="0" number="33"/>
						<line hits="1" number="36"/>
						<line hits="1" number="38"/>
						<line hits="1" number="44"/>
						<line hits="0" number="46"/>
						<line hits="0" number="47"/>
						<line hits="0" number="49"/>
						<line hits="0" number="50"/>
						<line hits="0" number="51"/>
						<line hits="0" number="52"/>
						<line hits="0" number="55"/>
						<line hits="0" number="56"/>
						<line hits="0" number="57"/>
						<line hits="0" number="58"/>
						<line hits="0" number="59"/>
						<line hits="0" number="60"/>
						<line hits="0" number="61"/>
						<line hits="1" number="63"/>
						<line hits="0" number="65"/>
						<line hits="0" number="66"/>
						<line hits="0" number="67"/>
						<line hits="0" number="68"/>
						<line hits="0" number="69"/>
						<line hits="0" number="70"/>
						<line hits="0" number="71"/>
						<line hits="0" number="73"/>
						<line hits="1" number="75"/>
						<line hits="0" number="81"/>
						<line hits="0" number="82"/>
						<line hits="0" number="83"/>
						<line hits="0" number="85"/>
						<line hits="1" number="87"/>
						<line hits="0" number="89"/>
						<line hits="0" number="90"/>
						<line hits="0" number="91"/>
						<line hits="0" number="92"/>
						<line hits="0" number="94"/>
						<line hits="0" number="95"/>
						<line hits="0" number="96"/>
						<line hits="0" number="97"/>
						<line hits="0" number="99"/>
						<line hits="0" number="101"/>
						<line hits="0" number="102"/>
						<line hits="0" number="104"/>
						<line hits="0" number="105"/>
						<line hits="0" number="107"/>
						<line hits="1" number="109"/>
						<line hits="0" number="111"/>
						<line hits="0" number="112"/>
						<line hits="0" number="114"/>
						<line hits="1" number="116"/>
						<line hits="0" number="118"/>
						<line hits="0" number="119"/>
						<line hits="0" number="120"/>
						<line hits="0" number="123"/>
						<line hits="0" number="124"/>
						<line hits="1" number="126"/>
						<line hits="0" number="128"/>
						<line hits="1" number="130"/>
						<line hits="0" number="132"/>
						<line hits="0" number="133"/>
						<line hits="0" number="134"/>
						<line hits="0" number="135"/>
						<line hits="0" number="136"/>
						<line hits="0" number="137"/>
						<line hits="0" number="140"/>
						<line hits="0" number="141"/>
						<line hits="1" number="143"/>
						<line hits="0" number="145"/>
						<line hits="0" number="146"/>
						<line hits="0" number="147"/>
						<line hits="1" number="149"/>
						<line hits="0" number="151"/>
						<line hits="0" number="153"/>
						<line hits="0" number="155"/>
						<line hits="0" number="157"/>
						<line hits="0" number="158"/>
						<line hits="0" number="160"/>
						<line hits="1" number="162"/>
						<line hits="0" number="166"/>
						<line hits="1" number="168"/>
						<line hits="0" number="170"/>
						<line hits="1" number="172"/>
						<line hits="0" number="174"/>
						<line hits="0" number="175"/>
						<line hits="0" number="177"/>
						<line hits="1" number="179"/>
						<line hits="0" number="181"/>
						<line hits="1" number="190"/>
						<line hits="1" number="193"/>
						<line hits="0" number="200"/>
						<line hits="0" number="201"/>
						<line hits="0" number="203"/>
						<line hits="0" number="204"/>
						<line hits="0" number="205"/>
						<line hits="0" number="206"/>
						<line hits="0" number="207"/>
						<line hits="0" number="208"/>
						<line hits="0" number="209"/>
						<line hits="0" number="210"/>
						<line hits="0" number="211"/>
						<line hits="0" number="212"/>
						<line hits="0" number="213"/>
						<line hits="0" number="215"/>
						<line hits="0" number="216"/>
						<line hits="0" number="218"/>
						<line hits="0" number="219"/>
						<line hits="0" number="220"/>
						<line hits="0" number="223"/>
						<line hits="0" number="224"/>
						<line hits="0" number="225"/>
						<line hits="0" number="226"/>
						<line hits="0" number="227"/>
						<line hits="0" number="228"/>
						<line hits="0" number="230"/>
						<line hits="0" number="231"/>
						<line hits="0" number="232"/>
						<line hits="0" number="233"/>
						<line hits="0" number="234"/>
						<line hits="0" number="236"/>
						<line hits="0" number="238"/>
						<line hits="0" number="239"/>
						<line hits="0" number="240"/>
						<line hits="0" number="242"/>
						<line hits="0" number="244"/>
					</lines>
				</class>
				<class branch-rate="0" complexity="0" filename="/Users/hunseol/virtualenv/buzzni/lib/python3.6/site-packages/sanic/response.py" line-rate="0.283" name="response.py">
					<methods/>
					<lines>
						<line hits="1" number="1"/>
						<line hits="1" number="2"/>
						<line hits="1" number="4"/>
						<line hits="1" number="5"/>
						<line hits="0" number="6"/>
						<line hits="0" number="7"/>
						<line hits="1" number="9"/>
						<line hits="1" number="11"/>
						<line hits="1" number="13"/>
						<line hits="1" number="19"/>
						<line hits="1" number="80"/>
						<line hits="1" number="81"/>
						<line hits="0" number="82"/>
						<line hits="0" number="84"/>
						<line hits="0" number="85"/>
						<line hits="0" number="87"/>
						<line hits="1" number="89"/>
						<line hits="0" number="90"/>
						<line hits="0" number="91"/>
						<line hits="0" number="92"/>
						<line hits="0" number="93"/>
						<line hits="0" number="96"/>
						<line hits="0" number="97"/>
						<line hits="0" number="101"/>
						<line hits="1" number="103"/>
						<line hits="0" number="105"/>
						<line hits="0" number="106"/>
						<line hits="0" number="107"/>
						<line hits="1" number="110"/>
						<line hits="1" number="111"/>
						<line hits="1" number="115"/>
						<line hits="0" number="117"/>
						<line hits="0" number="118"/>
						<line hits="0" number="119"/>
						<line hits="0" number="120"/>
						<line hits="0" number="121"/>
						<line hits="1" number="123"/>
						<line hits="0" number="128"/>
						<line hits="0" number="129"/>
						<line hits="0" number="131"/>
						<line hits="1" number="134"/>
						<line hits="0" number="139"/>
						<line hits="0" number="142"/>
						<line hits="0" number="144"/>
						<line hits="0" number="145"/>
						<line hits="1" number="147"/>
						<line hits="0" number="151"/>
						<line hits="0" number="152"/>
						<line hits="0" number="153"/>
						<line hits="0" number="155"/>
						<line hits="0" number="156"/>
						<line hits="0" number="157"/>
						<line hits="0" number="160"/>
						<line hits="0" number="164"/>
						<line hits="0" number="165"/>
						<line hits="0" number="166"/>
						<line hits="0" number="168"/>
						<line hits="1" number="179"/>
						<line hits="1" number="180"/>
						<line hits="1" number="182"/>
						<line hits="0" number="184"/>
						<line hits="0" number="186"/>
						<line hits="0" number="187"/>
						<line hits="0" number="189"/>
						<line hits="0" number="191"/>
						<line hits="0" number="192"/>
						<line hits="0" number="193"/>
						<line hits="1" number="195"/>
						<line hits="0" number="199"/>
						<line hits="0" number="200"/>
						<line hits="0" number="201"/>
						<line hits="0" number="202"/>
						<line hits="0" number="204"/>
						<line hits="0" number="207"/>
						<line hits="0" number="211"/>
						<line hits="0" number="212"/>
						<line hits="0" number="213"/>
						<line hits="0" number="215"/>
						<line hits="1" number="229"/>
						<line hits="0" number="231"/>
						<line hits="0" number="232"/>
						<line hits="0" number="233"/>
						<line hits="1" number="236"/>
						<line hits="0" number="244"/>
						<line hits="1" number="248"/>
						<line hits="0" number="257"/>
						<line hits="1" number="262"/>
						<line hits="0" number="271"/>
						<line hits="1" number="275"/>
						<line hits="0" number="282"/>
						<line hits="1" number="286"/>
						<line hits="0" number="294"/>
						<line hits="0" number="296"/>
						<line hits="0" number="297"/>
						<line hits="0" number="298"/>
						<line hits="0" number="299"/>
						<line hits="0" number="300"/>
						<line hits="0" number="303"/>
						<line hits="0" number="305"/>
						<line hits="0" number="307"/>
						<line hits="1" number="313"/>
						<line hits="0" number="334"/>
						<line hits="1" number="342"/>
						<line hits="0" number="352"/>
						<line hits="0" number="355"/>
						<line hits="0" number="357"/>
					</lines>
				</class>
				<class branch-rate="0" complexity="0" filename="/Users/hunseol/virtualenv/buzzni/lib/python3.6/site-packages/sanic/router.py" line-rate="0.1758" name="router.py">
					<methods/>
					<lines>
						<line hits="1" number="1"/>
						<line hits="1" number="2"/>
						<line hits="1" number="3"/>
						<line hits="1" number="4"/>
						<line hits="1" number="6"/>
						<line hits="1" number="7"/>
						<line hits="1" number="9"/>
						<line hits="1" number="12"/>
						<line hits="1" number="14"/>
						<line hits="1" number="22"/>
						<line hits="1" number="25"/>
						<line hits="0" number="26"/>
						<line hits="1" number="29"/>
						<line hits="1" number="30"/>
						<line hits="1" number="33"/>
						<line hits="1" number="34"/>
						<line hits="1" number="37"/>
						<line hits="1" number="63"/>
						<line hits="1" number="64"/>
						<line hits="1" number="65"/>
						<line hits="1" number="66"/>
						<line hits="1" number="68"/>
						<line hits="0" number="69"/>
						<line hits="0" number="70"/>
						<line hits="0" number="71"/>
						<line hits="0" number="72"/>
						<line hits="0" number="73"/>
						<line hits="1" number="75"/>
						<line hits="0" number="90"/>
						<line hits="0" number="91"/>
						<line hits="0" number="92"/>
						<line hits="0" number="93"/>
						<line hits="0" number="95"/>
						<line hits="0" number="97"/>
						<line hits="0" number="99"/>
						<line hits="1" number="101"/>
						<line hits="0" number="104"/>
						<line hits="0" number="106"/>
						<line hits="0" number="107"/>
						<line hits="0" number="110"/>
						<line hits="0" number="114"/>
						<line hits="0" number="120"/>
						<line hits="0" number="121"/>
						<line hits="0" number="123"/>
						<line hits="0" number="124"/>
						<line hits="1" number="126"/>
						<line hits="0" number="136"/>
						<line hits="0" number="137"/>
						<line hits="0" number="138"/>
						<line hits="0" number="139"/>
						<line hits="0" number="142"/>
						<line hits="0" number="143"/>
						<line hits="0" number="146"/>
						<line hits="0" number="147"/>
						<line hits="0" number="148"/>
						<line hits="0" number="151"/>
						<line hits="0" number="152"/>
						<line hits="0" number="154"/>
						<line hits="0" number="155"/>
						<line hits="0" number="157"/>
						<line hits="0" number="158"/>
						<line hits="0" number="159"/>
						<line hits="0" number="161"/>
						<line hits="0" number="163"/>
						<line hits="0" number="166"/>
						<line hits="0" number="167"/>
						<line hits="0" number="169"/>
						<line hits="0" number="170"/>
						<line hits="0" number="172"/>
						<line hits="0" number="174"/>
						<line hits="0" number="175"/>
						<line hits="0" number="177"/>
						<line hits="0" number="179"/>
						<line hits="0" number="181"/>
						<line hits="0" number="183"/>
						<line hits="0" number="185"/>
						<line hits="0" number="186"/>
						<line hits="0" number="189"/>
						<line hits="0" number="190"/>
						<line hits="0" number="192"/>
						<line hits="0" number="193"/>
						<line hits="0" number="194"/>
						<line hits="0" number="195"/>
						<line hits="0" number="197"/>
						<line hits="0" number="199"/>
						<line hits="0" number="201"/>
						<line hits="0" number="202"/>
						<line hits="0" number="203"/>
						<line hits="0" number="206"/>
						<line hits="0" number="207"/>
						<line hits="0" number="209"/>
						<line hits="0" number="211"/>
						<line hits="0" number="213"/>
						<line hits="0" number="215"/>
						<line hits="0" number="216"/>
						<line hits="0" number="220"/>
						<line hits="0" number="221"/>
						<line hits="0" number="224"/>
						<line hits="0" number="226"/>
						<line hits="0" number="230"/>
						<line hits="0" number="231"/>
						<line hits="0" number="232"/>
						<line hits="0" number="233"/>
						<line hits="0" number="234"/>
						<line hits="0" number="236"/>
						<line hits="1" number="238"/>
						<line hits="0" number="240"/>
						<line hits="0" number="241"/>
						<line hits="0" number="242"/>
						<line hits="0" number="244"/>
						<line hits="1" number="246"/>
						<line hits="0" number="247"/>
						<line hits="0" number="248"/>
						<line hits="0" number="249"/>
						<line hits="0" number="250"/>
						<line hits="0" number="251"/>
						<line hits="0" number="252"/>
						<line hits="0" number="254"/>
						<line hits="0" number="255"/>
						<line hits="0" number="256"/>
						<line hits="0" number="258"/>
						<line hits="0" number="260"/>
						<line hits="0" number="262"/>
						<line hits="0" number="263"/>
						<line hits="1" number="265"/>
						<line hits="0" number="272"/>
						<line hits="0" number="273"/>
						<line hits="0" number="275"/>
						<line hits="0" number="276"/>
						<line hits="0" number="277"/>
						<line hits="0" number="279"/>
						<line hits="1" number="281"/>
						<line hits="0" number="289"/>
						<line hits="0" number="290"/>
						<line hits="0" number="292"/>
						<line hits="0" number="293"/>
						<line hits="0" number="296"/>
						<line hits="0" number="297"/>
						<line hits="1" number="299"/>
						<line hits="0" number="308"/>
						<line hits="0" number="310"/>
						<line hits="0" number="311"/>
						<line hits="0" number="314"/>
						<line hits="0" number="315"/>
						<line hits="0" number="316"/>
						<line hits="0" number="317"/>
						<line hits="0" number="319"/>
						<line hits="0" number="321"/>
						<line hits="0" number="322"/>
						<line hits="0" number="323"/>
						<line hits="0" number="325"/>
						<line hits="0" number="326"/>
						<line hits="0" number="329"/>
						<line hits="0" number="330"/>
						<line hits="0" number="331"/>
						<line hits="0" number="333"/>
						<line hits="0" number="334"/>
						<line hits="0" number="337"/>
						<line hits="0" number="338"/>
						<line hits="0" number="339"/>
						<line hits="0" number="341"/>
						<line hits="0" number="344"/>
						<line hits="0" number="345"/>
						<line hits="0" number="346"/>
						<line hits="0" number="347"/>
					</lines>
				</class>
				<class branch-rate="0" complexity="0" filename="/Users/hunseol/virtualenv/buzzni/lib/python3.6/site-packages/sanic/server.py" line-rate="0.1935" name="server.py">
					<methods/>
					<lines>
						<line hits="1" number="1"/>
						<line hits="1" number="2"/>
						<line hits="1" number="3"/>
						<line hits="1" number="4"/>
						<line hits="1" number="5"/>
						<line hits="1" number="6"/>
						<line hits="1" number="7"/>
						<line hits="1" number="12"/>
						<line hits="1" number="17"/>
						<line hits="1" number="19"/>
						<line hits="1" number="20"/>
						<line hits="1" number="22"/>
						<line hits="1" number="23"/>
						<line hits="0" number="24"/>
						<line hits="0" number="25"/>
						<line hits="1" number="27"/>
						<line hits="1" number="28"/>
						<line hits="1" number="29"/>
						<line hits="1" number="30"/>
						<line hits="1" number="33"/>
						<line hits="1" number="36"/>
						<line hits="1" number="37"/>
						<line hits="1" number="40"/>
						<line hits="1" number="46"/>
						<line hits="0" number="47"/>
						<line hits="1" number="49"/>
						<line hits="0" number="50"/>
						<line hits="1" number="52"/>
						<line hits="0" number="53"/>
						<line hits="1" number="55"/>
						<line hits="0" number="56"/>
						<line hits="1" number="59"/>
						<line hits="1" number="60"/>
						<line hits="1" number="73"/>
						<line hits="0" number="77"/>
						<line hits="0" number="78"/>
						<line hits="0" number="79"/>
						<line hits="0" number="80"/>
						<line hits="0" number="81"/>
						<line hits="0" number="82"/>
						<line hits="0" number="83"/>
						<line hits="0" number="84"/>
						<line hits="0" number="85"/>
						<line hits="0" number="86"/>
						<line hits="0" number="87"/>
						<line hits="0" number="88"/>
						<line hits="0" number="89"/>
						<line hits="0" number="90"/>
						<line hits="0" number="91"/>
						<line hits="0" number="92"/>
						<line hits="0" number="93"/>
						<line hits="0" number="94"/>
						<line hits="0" number="95"/>
						<line hits="1" number="97"/>
						<line hits="0" number="99"/>
						<line hits="1" number="107"/>
						<line hits="0" number="108"/>
						<line hits="0" number="109"/>
						<line hits="0" number="111"/>
						<line hits="0" number="112"/>
						<line hits="1" number="114"/>
						<line hits="0" number="115"/>
						<line hits="0" number="116"/>
						<line hits="1" number="118"/>
						<line hits="0" number="120"/>
						<line hits="0" number="121"/>
						<line hits="0" number="122"/>
						<line hits="0" number="123"/>
						<line hits="0" number="126"/>
						<line hits="0" number="127"/>
						<line hits="0" number="128"/>
						<line hits="0" number="129"/>
						<line hits="1" number="135"/>
						<line hits="0" number="138"/>
						<line hits="0" number="139"/>
						<line hits="0" number="140"/>
						<line hits="0" number="141"/>
						<line hits="0" number="144"/>
						<line hits="0" number="145"/>
						<line hits="0" number="146"/>
						<line hits="0" number="147"/>
						<line hits="0" number="150"/>
						<line hits="0" number="151"/>
						<line hits="0" number="152"/>
						<line hits="0" number="153"/>
						<line hits="0" number="154"/>
						<line hits="1" number="156"/>
						<line hits="0" number="157"/>
						<line hits="1" number="159"/>
						<line hits="0" number="160"/>
						<line hits="0" number="161"/>
						<line hits="0" number="162"/>
						<line hits="0" number="164"/>
						<line hits="1" number="166"/>
						<line hits="0" number="167"/>
						<line hits="1" number="175"/>
						<line hits="0" number="176"/>
						<line hits="1" number="178"/>
						<line hits="0" number="179"/>
						<line hits="0" number="181"/>
						<line hits="1" number="190"/>
						<line hits="0" number="194"/>
						<line hits="0" number="195"/>
						<line hits="0" number="196"/>
						<line hits="0" number="200"/>
						<line hits="0" number="201"/>
						<line hits="0" number="208"/>
						<line hits="0" number="209"/>
						<line hits="0" number="213"/>
						<line hits="0" number="214"/>
						<line hits="0" number="215"/>
						<line hits="0" number="218"/>
						<line hits="0" number="219"/>
						<line hits="0" number="223"/>
						<line hits="0" number="224"/>
						<line hits="0" number="226"/>
						<line hits="0" number="227"/>
						<line hits="1" number="229"/>
						<line hits="0" number="236"/>
						<line hits="0" number="237"/>
						<line hits="0" number="238"/>
						<line hits="0" number="239"/>
						<line hits="0" number="241"/>
						<line hits="0" number="242"/>
						<line hits="0" number="249"/>
						<line hits="0" number="250"/>
						<line hits="0" number="254"/>
						<line hits="0" number="255"/>
						<line hits="0" number="256"/>
						<line hits="0" number="259"/>
						<line hits="0" number="260"/>
						<line hits="0" number="264"/>
						<line hits="0" number="265"/>
						<line hits="0" number="267"/>
						<line hits="0" number="268"/>
						<line hits="1" number="270"/>
						<line hits="0" number="271"/>
						<line hits="0" number="272"/>
						<line hits="0" number="273"/>
						<line hits="0" number="274"/>
						<line hits="0" number="275"/>
						<line hits="0" number="276"/>
						<line hits="0" number="279"/>
						<line hits="0" number="280"/>
						<line hits="0" number="284"/>
						<line hits="0" number="285"/>
						<line hits="0" number="290"/>
						<line hits="0" number="291"/>
						<line hits="0" number="293"/>
						<line hits="0" number="294"/>
						<line hits="0" number="295"/>
						<line hits="0" number="296"/>
						<line hits="0" number="298"/>
						<line hits="0" number="299"/>
						<line hits="1" number="301"/>
						<line hits="0" number="302"/>
						<line hits="0" number="303"/>
						<line hits="0" number="307"/>
						<line hits="0" number="310"/>
						<line hits="0" number="311"/>
						<line hits="0" number="312"/>
						<line hits="1" number="314"/>
						<line hits="0" number="315"/>
						<line hits="0" number="316"/>
						<line hits="0" number="317"/>
						<line hits="0" number="318"/>
						<line hits="0" number="319"/>
						<line hits="0" number="320"/>
						<line hits="1" number="322"/>
						<line hits="0" number="327"/>
						<line hits="0" number="328"/>
						<line hits="0" number="329"/>
						<line hits="0" number="330"/>
						<line hits="1" number="333"/>
						<line hits="0" number="341"/>
						<line hits="0" number="342"/>
						<line hits="1" number="345"/>
						<line hits="0" number="351"/>
						<line hits="0" number="352"/>
						<line hits="0" number="353"/>
						<line hits="0" number="354"/>
						<line hits="1" number="357"/>
						<line hits="0" number="391"/>
						<line hits="0" number="392"/>
						<line hits="0" number="393"/>
						<line hits="0" number="395"/>
						<line hits="0" number="396"/>
						<line hits="0" number="398"/>
						<line hits="0" number="400"/>
						<line hits="0" number="401"/>
						<line hits="0" number="415"/>
						<line hits="0" number="426"/>
						<line hits="0" number="428"/>
						<line hits="0" number="429"/>
						<line hits="0" number="431"/>
						<line hits="0" number="432"/>
						<line hits="0" number="433"/>
						<line hits="0" number="434"/>
						<line hits="0" number="435"/>
						<line hits="0" number="437"/>
						<line hits="0" number="440"/>
						<line hits="0" number="441"/>
						<line hits="0" number="442"/>
						<line hits="0" number="443"/>
						<line hits="0" number="444"/>
						<line hits="0" number="445"/>
						<line hits="0" number="447"/>
						<line hits="0" number="448"/>
						<line hits="0" number="449"/>
						<line hits="0" number="450"/>
						<line hits="0" number="452"/>
						<line hits="0" number="455"/>
						<line hits="0" number="458"/>
						<line hits="0" number="459"/>
						<line hits="0" number="462"/>
						<line hits="0" number="463"/>
						<line hits="0" number="464"/>
						<line hits="0" number="466"/>
						<line hits="0" number="467"/>
						<line hits="0" number="469"/>
						<line hits="0" number="471"/>
						<line hits="1" number="474"/>
						<line hits="0" number="483"/>
						<line hits="0" number="486"/>
						<line hits="0" number="487"/>
						<line hits="0" number="488"/>
						<line hits="0" number="489"/>
						<line hits="0" number="490"/>
						<line hits="0" number="491"/>
						<line hits="0" number="492"/>
						<line hits="0" number="493"/>
						<line hits="0" number="495"/>
						<line hits="0" number="496"/>
						<line hits="0" number="498"/>
						<line hits="0" number="499"/>
						<line hits="0" number="501"/>
						<line hits="0" number="502"/>
						<line hits="0" number="504"/>
						<line hits="0" number="505"/>
						<line hits="0" number="506"/>
						<line hits="0" number="507"/>
						<line hits="0" number="508"/>
						<line hits="0" number="509"/>
						<line hits="0" number="511"/>
						<line hits="0" number="512"/>
						<line hits="0" number="515"/>
						<line hits="0" number="516"/>
						<line hits="0" number="517"/>
					</lines>
				</class>
				<class branch-rate="0" complexity="0" filename="/Users/hunseol/virtualenv/buzzni/lib/python3.6/site-packages/sanic/static.py" line-rate="0.1887" name="static.py">
					<methods/>
					<lines>
						<line hits="1" number="1"/>
						<line hits="1" number="2"/>
						<line hits="1" number="3"/>
						<line hits="1" number="4"/>
						<line hits="1" number="5"/>
						<line hits="1" number="7"/>
						<line hits="1" number="9"/>
						<line hits="1" number="15"/>
						<line hits="1" number="16"/>
						<line hits="1" number="19"/>
						<line hits="0" number="40"/>
						<line hits="0" number="41"/>
						<line hits="0" number="43"/>
						<line hits="0" number="46"/>
						<line hits="0" number="47"/>
						<line hits="0" number="51"/>
						<line hits="0" number="52"/>
						<line hits="0" number="53"/>
						<line hits="0" number="58"/>
						<line hits="0" number="59"/>
						<line hits="0" number="60"/>
						<line hits="0" number="63"/>
						<line hits="0" number="64"/>
						<line hits="0" number="67"/>
						<line hits="0" number="68"/>
						<line hits="0" number="69"/>
						<line hits="0" number="70"/>
						<line hits="0" number="72"/>
						<line hits="0" number="73"/>
						<line hits="0" number="74"/>
						<line hits="0" number="75"/>
						<line hits="0" number="76"/>
						<line hits="0" number="77"/>
						<line hits="0" number="78"/>
						<line hits="0" number="79"/>
						<line hits="0" number="80"/>
						<line hits="0" number="81"/>
						<line hits="0" number="82"/>
						<line hits="0" number="83"/>
						<line hits="0" number="84"/>
						<line hits="0" number="85"/>
						<line hits="0" number="86"/>
						<line hits="0" number="88"/>
						<line hits="0" number="89"/>
						<line hits="0" number="90"/>
						<line hits="0" number="91"/>
						<line hits="0" number="92"/>
						<line hits="0" number="96"/>
						<line hits="0" number="97"/>
						<line hits="0" number="98"/>
						<line hits="0" number="99"/>
						<line hits="0" number="100"/>
						<line hits="0" number="104"/>
					</lines>
				</class>
				<class branch-rate="0" complexity="0" filename="/Users/hunseol/virtualenv/buzzni/lib/python3.6/site-packages/sanic/testing.py" line-rate="0.2273" name="testing.py">
					<methods/>
					<lines>
						<line hits="1" number="1"/>
						<line hits="1" number="3"/>
						<line hits="1" number="5"/>
						<line hits="1" number="6"/>
						<line hits="1" number="9"/>
						<line hits="1" number="10"/>
						<line hits="0" number="11"/>
						<line hits="1" number="13"/>
						<line hits="0" number="14"/>
						<line hits="0" number="15"/>
						<line hits="0" number="16"/>
						<line hits="0" number="18"/>
						<line hits="0" number="21"/>
						<line hits="0" number="22"/>
						<line hits="0" number="23"/>
						<line hits="0" number="25"/>
						<line hits="0" number="27"/>
						<line hits="0" number="28"/>
						<line hits="0" number="29"/>
						<line hits="0" number="30"/>
						<line hits="0" number="31"/>
						<line hits="0" number="32"/>
						<line hits="1" number="34"/>
						<line hits="0" number="38"/>
						<line hits="0" number="39"/>
						<line hits="0" number="41"/>
						<line hits="0" number="42"/>
						<line hits="0" number="43"/>
						<line hits="0" number="44"/>
						<line hits="0" number="45"/>
						<line hits="0" number="47"/>
						<line hits="0" number="49"/>
						<line hits="0" number="50"/>
						<line hits="0" number="53"/>
						<line hits="0" number="54"/>
						<line hits="0" number="55"/>
						<line hits="0" number="57"/>
						<line hits="0" number="58"/>
						<line hits="0" number="60"/>
						<line hits="0" number="61"/>
						<line hits="0" number="63"/>
						<line hits="0" number="64"/>
						<line hits="0" number="66"/>
						<line hits="0" number="67"/>
						<line hits="0" number="68"/>
						<line hits="0" number="69"/>
						<line hits="0" number="70"/>
						<line hits="0" number="71"/>
						<line hits="0" number="75"/>
						<line hits="0" number="76"/>
						<line hits="0" number="77"/>
						<line hits="0" number="78"/>
						<line hits="1" number="81"/>
						<line hits="0" number="82"/>
						<line hits="1" number="84"/>
						<line hits="0" number="85"/>
						<line hits="1" number="87"/>
						<line hits="0" number="88"/>
						<line hits="1" number="90"/>
						<line hits="0" number="91"/>
						<line hits="1" number="93"/>
						<line hits="0" number="94"/>
						<line hits="1" number="96"/>
						<line hits="0" number="97"/>
						<line hits="1" number="99"/>
						<line hits="0" number="100"/>
					</lines>
				</class>
				<class branch-rate="0" complexity="0" filename="/Users/hunseol/virtualenv/buzzni/lib/python3.6/site-packages/sanic/views.py" line-rate="0.303" name="views.py">
					<methods/>
					<lines>
						<line hits="1" number="1"/>
						<line hits="1" number="2"/>
						<line hits="1" number="5"/>
						<line hits="1" number="40"/>
						<line hits="1" number="42"/>
						<line hits="0" number="43"/>
						<line hits="0" number="44"/>
						<line hits="1" number="46"/>
						<line hits="0" number="51"/>
						<line hits="0" number="52"/>
						<line hits="0" number="53"/>
						<line hits="0" number="55"/>
						<line hits="0" number="56"/>
						<line hits="0" number="57"/>
						<line hits="0" number="58"/>
						<line hits="0" number="60"/>
						<line hits="0" number="61"/>
						<line hits="0" number="62"/>
						<line hits="0" number="63"/>
						<line hits="0" number="64"/>
						<line hits="1" number="67"/>
						<line hits="1" number="83"/>
						<line hits="0" number="84"/>
						<line hits="1" number="86"/>
						<line hits="0" number="87"/>
						<line hits="0" number="88"/>
						<line hits="0" number="89"/>
						<line hits="0" number="92"/>
						<line hits="0" number="93"/>
						<line hits="0" number="95"/>
						<line hits="1" number="97"/>
						<line hits="0" number="98"/>
						<line hits="0" number="99"/>
					</lines>
				</class>
				<class branch-rate="0" complexity="0" filename="/Users/hunseol/virtualenv/buzzni/lib/python3.6/site-packages/sanic/websocket.py" line-rate="0.2609" name="websocket.py">
					<methods/>
					<lines>
						<line hits="1" number="1"/>
						<line hits="1" number="2"/>
						<line hits="1" number="3"/>
						<line hits="1" number="4"/>
						<line hits="1" number="5"/>
						<line hits="1" number="8"/>
						<line hits="1" number="9"/>
						<line hits="0" number="10"/>
						<line hits="0" number="11"/>
						<line hits="1" number="13"/>
						<line hits="0" number="15"/>
						<line hits="0" number="16"/>
						<line hits="1" number="18"/>
						<line hits="0" number="19"/>
						<line hits="0" number="20"/>
						<line hits="0" number="21"/>
						<line hits="1" number="23"/>
						<line hits="0" number="24"/>
						<line hits="0" number="26"/>
						<line hits="0" number="28"/>
						<line hits="0" number="29"/>
						<line hits="0" number="30"/>
						<line hits="0" number="32"/>
						<line hits="1" number="34"/>
						<line hits="0" number="35"/>
						<line hits="0" number="37"/>
						<line hits="0" number="39"/>
						<line hits="1" number="41"/>
						<line hits="0" number="43"/>
						<line hits="0" number="45"/>
						<line hits="0" number="46"/>
						<line hits="0" number="48"/>
						<line hits="0" number="49"/>
						<line hits="0" number="51"/>
						<line hits="0" number="52"/>
						<line hits="0" number="53"/>
						<line hits="0" number="54"/>
						<line hits="0" number="55"/>
						<line hits="0" number="58"/>
						<line hits="0" number="59"/>
						<line hits="0" number="60"/>
						<line hits="0" number="61"/>
						<line hits="0" number="62"/>
						<line hits="0" number="65"/>
						<line hits="0" number="66"/>
						<line hits="0" number="67"/>
					</lines>
				</class>
			</classes>
		</package>
		<package branch-rate="0" complexity="0" line-rate="0.3214" name=".Users.hunseol.virtualenv.buzzni.lib.python3.6.site-packages.uvloop">
			<classes>
				<class branch-rate="0" complexity="0" filename="/Users/hunseol/virtualenv/buzzni/lib/python3.6/site-packages/uvloop/__init__.py" line-rate="0.8462" name="__init__.py">
					<methods/>
					<lines>
						<line hits="1" number="1"/>
						<line hits="1" number="3"/>
						<line hits="1" number="5"/>
						<line hits="1" number="6"/>
						<line hits="1" number="7"/>
						<line hits="1" number="10"/>
						<line hits="1" number="13"/>
						<line hits="1" number="14"/>
						<line hits="1" number="17"/>
						<line hits="0" number="19"/>
						<line hits="1" number="22"/>
						<line hits="1" number="34"/>
						<line hits="0" number="35"/>
					</lines>
				</class>
				<class branch-rate="0" complexity="0" filename="/Users/hunseol/virtualenv/buzzni/lib/python3.6/site-packages/uvloop/_noop.py" line-rate="0.5" name="_noop.py">
					<methods/>
					<lines>
						<line hits="1" number="1"/>
						<line hits="0" number="3"/>
					</lines>
				</class>
				<class branch-rate="0" complexity="0" filename="/Users/hunseol/virtualenv/buzzni/lib/python3.6/site-packages/uvloop/_patch.py" line-rate="0.1463" name="_patch.py">
					<methods/>
					<lines>
						<line hits="1" number="1"/>
						<line hits="1" number="2"/>
						<line hits="1" number="5"/>
						<line hits="0" number="6"/>
						<line hits="0" number="11"/>
						<line hits="0" number="13"/>
						<line hits="0" number="14"/>
						<line hits="0" number="15"/>
						<line hits="0" number="16"/>
						<line hits="0" number="17"/>
						<line hits="0" number="18"/>
						<line hits="0" number="19"/>
						<line hits="0" number="20"/>
						<line hits="0" number="22"/>
						<line hits="0" number="23"/>
						<line hits="0" number="25"/>
						<line hits="0" number="27"/>
						<line hits="1" number="30"/>
						<line hits="0" number="35"/>
						<line hits="0" number="36"/>
						<line hits="0" number="39"/>
						<line hits="0" number="42"/>
						<line hits="0" number="43"/>
						<line hits="0" number="44"/>
						<line hits="0" number="46"/>
						<line hits="0" number="47"/>
						<line hits="0" number="48"/>
						<line hits="0" number="49"/>
						<line hits="0" number="51"/>
						<line hits="0" number="53"/>
						<line hits="0" number="54"/>
						<line hits="0" number="56"/>
						<line hits="1" number="59"/>
						<line hits="0" number="61"/>
						<line hits="0" number="62"/>
						<line hits="0" number="63"/>
						<line hits="1" number="65"/>
						<line hits="0" number="67"/>
						<line hits="0" number="68"/>
						<line hits="0" number="69"/>
						<line hits="0" number="70"/>
					</lines>
				</class>
			</classes>
		</package>
		<package branch-rate="0" complexity="0" line-rate="1" name=".Users.hunseol.virtualenv.buzzni.lib.python3.6.site-packages.uvloop.includes">
			<classes>
				<class branch-rate="0" complexity="0" filename="/Users/hunseol/virtualenv/buzzni/lib/python3.6/site-packages/uvloop/includes/__init__.py" line-rate="1" name="__init__.py">
					<methods/>
					<lines>
						<line hits="1" number="2"/>
						<line hits="1" number="3"/>
						<line hits="1" number="4"/>
						<line hits="1" number="5"/>
						<line hits="1" number="6"/>
						<line hits="1" number="7"/>
						<line hits="1" number="8"/>
						<line hits="1" number="9"/>
						<line hits="1" number="10"/>
						<line hits="1" number="11"/>
						<line hits="1" number="12"/>
						<line hits="1" number="13"/>
						<line hits="1" number="14"/>
						<line hits="1" number="15"/>
						<line hits="1" number="16"/>
						<line hits="1" number="17"/>
						<line hits="1" number="18"/>
						<line hits="1" number="19"/>
						<line hits="1" number="20"/>
					</lines>
				</class>
			</classes>
		</package>
		<package branch-rate="0" complexity="0" line-rate="0.2285" name=".Users.hunseol.virtualenv.buzzni.lib.python3.6.site-packages.websockets">
			<classes>
				<class branch-rate="0" complexity="0" filename="/Users/hunseol/virtualenv/buzzni/lib/python3.6/site-packages/websockets/__init__.py" line-rate="1" name="__init__.py">
					<methods/>
					<lines>
						<line hits="1" number="3"/>
						<line hits="1" number="4"/>
						<line hits="1" number="5"/>
						<line hits="1" number="6"/>
						<line hits="1" number="7"/>
						<line hits="1" number="8"/>
						<line hits="1" number="11"/>
					</lines>
				</class>
				<class branch-rate="0" complexity="0" filename="/Users/hunseol/virtualenv/buzzni/lib/python3.6/site-packages/websockets/client.py" line-rate="0.28" name="client.py">
					<methods/>
					<lines>
						<line hits="1" number="6"/>
						<line hits="1" number="7"/>
						<line hits="1" number="8"/>
						<line hits="1" number="10"/>
						<line hits="1" number="11"/>
						<line hits="1" number="12"/>
						<line hits="1" number="13"/>
						<line hits="1" number="14"/>
						<line hits="1" number="17"/>
						<line hits="1" number="20"/>
						<line hits="1" number="28"/>
						<line hits="1" number="29"/>
						<line hits="1" number="31"/>
						<line hits="1" number="32"/>
						<line hits="0" number="46"/>
						<line hits="0" number="47"/>
						<line hits="0" number="51"/>
						<line hits="0" number="52"/>
						<line hits="0" number="53"/>
						<line hits="0" number="54"/>
						<line hits="0" number="55"/>
						<line hits="0" number="56"/>
						<line hits="0" number="57"/>
						<line hits="0" number="58"/>
						<line hits="0" number="59"/>
						<line hits="0" number="60"/>
						<line hits="0" number="61"/>
						<line hits="0" number="62"/>
						<line hits="0" number="64"/>
						<line hits="0" number="65"/>
						<line hits="0" number="66"/>
						<line hits="0" number="67"/>
						<line hits="0" number="71"/>
						<line hits="0" number="72"/>
						<line hits="0" number="73"/>
						<line hits="0" number="74"/>
						<line hits="0" number="75"/>
						<line hits="0" number="78"/>
						<line hits="0" number="79"/>
						<line hits="0" number="80"/>
						<line hits="0" number="81"/>
						<line hits="0" number="82"/>
						<line hits="0" number="83"/>
						<line hits="0" number="85"/>
						<line hits="0" number="86"/>
						<line hits="0" number="88"/>
						<line hits="0" number="89"/>
						<line hits="0" number="91"/>
						<line hits="0" number="92"/>
						<line hits="0" number="94"/>
						<line hits="0" number="97"/>
						<line hits="0" number="98"/>
						<line hits="0" number="99"/>
						<line hits="1" number="102"/>
						<line hits="1" number="103"/>
						<line hits="0" number="144"/>
						<line hits="0" number="145"/>
						<line hits="0" number="147"/>
						<line hits="0" number="148"/>
						<line hits="0" number="149"/>
						<line hits="0" number="150"/>
						<line hits="0" number="151"/>
						<line hits="0" number="153"/>
						<line hits="0" number="159"/>
						<line hits="0" number="162"/>
						<line hits="0" number="163"/>
						<line hits="0" number="166"/>
						<line hits="0" number="167"/>
						<line hits="0" number="168"/>
						<line hits="0" number="170"/>
						<line hits="1" number="173"/>
						<line hits="1" number="174"/>
						<line hits="1" number="178"/>
						<line hits="1" number="180"/>
						<line hits="1" number="181"/>
					</lines>
				</class>
				<class branch-rate="0" complexity="0" filename="/Users/hunseol/virtualenv/buzzni/lib/python3.6/site-packages/websockets/compatibility.py" line-rate="1" name="compatibility.py">
					<methods/>
					<lines>
						<line hits="1" number="1"/>
					</lines>
				</class>
				<class branch-rate="0" complexity="0" filename="/Users/hunseol/virtualenv/buzzni/lib/python3.6/site-packages/websockets/exceptions.py" line-rate="0.6" name="exceptions.py">
					<methods/>
					<lines>
						<line hits="1" number="1"/>
						<line hits="1" number="7"/>
						<line hits="1" number="14"/>
						<line hits="1" number="21"/>
						<line hits="1" number="28"/>
						<line hits="1" number="36"/>
						<line hits="0" number="37"/>
						<line hits="0" number="38"/>
						<line hits="0" number="39"/>
						<line hits="0" number="40"/>
						<line hits="0" number="41"/>
						<line hits="0" number="42"/>
						<line hits="1" number="45"/>
						<line hits="1" number="52"/>
						<line hits="1" number="59"/>
					</lines>
				</class>
				<class branch-rate="0" complexity="0" filename="/Users/hunseol/virtualenv/buzzni/lib/python3.6/site-packages/websockets/framing.py" line-rate="0.2222" name="framing.py">
					<methods/>
					<lines>
						<line hits="1" number="12"/>
						<line hits="1" number="13"/>
						<line hits="1" number="14"/>
						<line hits="1" number="15"/>
						<line hits="1" number="16"/>
						<line hits="1" number="18"/>
						<line hits="1" number="21"/>
						<line hits="1" number="26"/>
						<line hits="1" number="27"/>
						<line hits="1" number="29"/>
						<line hits="1" number="46"/>
						<line hits="1" number="47"/>
						<line hits="1" number="60"/>
						<line hits="1" number="61"/>
						<line hits="0" number="80"/>
						<line hits="0" number="81"/>
						<line hits="0" number="82"/>
						<line hits="0" number="83"/>
						<line hits="0" number="84"/>
						<line hits="0" number="85"/>
						<line hits="0" number="86"/>
						<line hits="0" number="87"/>
						<line hits="0" number="88"/>
						<line hits="0" number="89"/>
						<line hits="0" number="90"/>
						<line hits="0" number="91"/>
						<line hits="0" number="92"/>
						<line hits="0" number="93"/>
						<line hits="0" number="94"/>
						<line hits="0" number="95"/>
						<line hits="0" number="96"/>
						<line hits="0" number="98"/>
						<line hits="0" number="99"/>
						<line hits="0" number="102"/>
						<line hits="0" number="103"/>
						<line hits="0" number="104"/>
						<line hits="0" number="106"/>
						<line hits="0" number="107"/>
						<line hits="0" number="108"/>
						<line hits="1" number="111"/>
[...]
						<line hits="0" number="67"/>
						<line hits="0" number="68"/>
						<line hits="0" number="69"/>
						<line hits="1" number="72"/>
						<line hits="0" number="83"/>
						<line hits="0" number="84"/>
						<line hits="0" number="85"/>
						<line hits="0" number="86"/>
						<line hits="0" number="87"/>
						<line hits="0" number="88"/>
						<line hits="0" number="89"/>
						<line hits="0" number="91"/>
						<line hits="0" number="92"/>
						<line hits="0" number="93"/>
						<line hits="0" number="94"/>
						<line hits="1" number="97"/>
						<line hits="0" number="103"/>
						<line hits="0" number="104"/>
						<line hits="0" number="105"/>
						<line hits="0" number="106"/>
						<line hits="0" number="107"/>
						<line hits="0" number="108"/>
					</lines>
				</class>
				<class branch-rate="0" complexity="0" filename="/Users/hunseol/virtualenv/buzzni/lib/python3.6/site-packages/websockets/protocol.py" line-rate="0.1625" name="protocol.py">
					<methods/>
					<lines>
						<line hits="1" number="9"/>
						<line hits="1" number="10"/>
						<line hits="1" number="11"/>
						<line hits="1" number="12"/>
						<line hits="1" number="13"/>
						<line hits="1" number="14"/>
						<line hits="1" number="15"/>
						<line hits="1" number="17"/>
						<line hits="1" number="18"/>
						<line hits="1" number="20"/>
						<line hits="1" number="21"/>
						<line hits="1" number="24"/>
						<line hits="1" number="26"/>
						<line hits="1" number="31"/>
						<line hits="1" number="38"/>
						<line hits="1" number="101"/>
						<line hits="1" number="102"/>
						<line hits="1" number="104"/>
						<line hits="0" number="108"/>
						<line hits="0" number="109"/>
						<line hits="0" number="110"/>
						<line hits="0" number="112"/>
						<line hits="0" number="113"/>
						<line hits="0" number="116"/>
						<line hits="0" number="117"/>
						<line hits="0" number="118"/>
						<line hits="0" number="120"/>
						<line hits="0" number="122"/>
						<line hits="0" number="123"/>
						<line hits="0" number="125"/>
						<line hits="0" number="126"/>
						<line hits="0" number="127"/>
						<line hits="0" number="129"/>
						<line hits="0" number="130"/>
						<line hits="0" number="131"/>
						<line hits="0" number="132"/>
						<line hits="0" number="134"/>
						<line hits="0" number="137"/>
						<line hits="0" number="138"/>
						<line hits="0" number="142"/>
						<line hits="0" number="145"/>
						<line hits="0" number="147"/>
						<line hits="0" number="150"/>
						<line hits="0" number="153"/>
						<line hits="0" number="156"/>
						<line hits="0" number="160"/>
						<line hits="0" number="161"/>
						<line hits="1" number="165"/>
						<line hits="0" number="174"/>
						<line hits="0" number="175"/>
						<line hits="0" number="176"/>
						<line hits="1" number="178"/>
						<line hits="0" number="187"/>
						<line hits="0" number="188"/>
						<line hits="0" number="189"/>
						<line hits="1" number="191"/>
						<line hits="0" number="203"/>
						<line hits="1" number="205"/>
						<line hits="0" number="216"/>
						<line hits="1" number="218"/>
						<line hits="1" number="219"/>
						<line hits="0" number="232"/>
						<line hits="0" number="235"/>
						<line hits="0" number="236"/>
						<line hits="0" number="240"/>
						<line hits="0" number="241"/>
						<line hits="0" number="243"/>
						<line hits="0" number="244"/>
						<line hits="0" number="247"/>
						<line hits="1" number="249"/>
						<line hits="0" number="271"/>
						<line hits="0" number="272"/>
						<line hits="0" number="273"/>
						<line hits="0" number="274"/>
						<line hits="0" number="280"/>
						<line hits="0" number="282"/>
						<line hits="0" number="283"/>
						<line hits="0" number="286"/>
						<line hits="0" number="288"/>
						<line hits="0" number="289"/>
						<line hits="0" number="294"/>
						<line hits="0" number="295"/>
						<line hits="0" number="297"/>
						<line hits="0" number="298"/>
						<line hits="0" number="299"/>
						<line hits="1" number="301"/>
						<line hits="0" number="310"/>
						<line hits="0" number="312"/>
						<line hits="0" number="313"/>
						<line hits="0" number="314"/>
						<line hits="0" number="315"/>
						<line hits="0" number="316"/>
						<line hits="0" number="318"/>
						<line hits="0" number="320"/>
						<line hits="1" number="322"/>
						<line hits="1" number="323"/>
						<line hits="0" number="339"/>
						<line hits="0" number="341"/>
						<line hits="0" number="342"/>
						<line hits="0" number="345"/>
						<line hits="0" number="346"/>
						<line hits="0" number="349"/>
						<line hits="0" number="350"/>
						<line hits="0" number="352"/>
						<line hits="0" number="353"/>
						<line hits="0" number="354"/>
						<line hits="1" number="356"/>
						<line hits="1" number="357"/>
						<line hits="0" number="368"/>
						<line hits="0" number="370"/>
						<line hits="0" number="372"/>
						<line hits="1" number="376"/>
						<line hits="0" number="378"/>
						<line hits="0" number="379"/>
						<line hits="0" number="380"/>
						<line hits="0" number="381"/>
						<line hits="0" number="383"/>
						<line hits="1" number="385"/>
						<line hits="0" number="390"/>
						<line hits="0" number="391"/>
						<line hits="0" number="393"/>
						<line hits="0" number="394"/>
						<line hits="0" number="399"/>
						<line hits="0" number="400"/>
						<line hits="0" number="402"/>
						<line hits="0" number="405"/>
						<line hits="0" number="406"/>
						<line hits="1" number="408"/>
						<line hits="0" number="411"/>
						<line hits="0" number="412"/>
						<line hits="0" number="413"/>
						<line hits="0" number="414"/>
						<line hits="0" number="415"/>
						<line hits="0" number="416"/>
						<line hits="0" number="417"/>
						<line hits="0" number="418"/>
						<line hits="0" number="419"/>
						<line hits="0" number="420"/>
						<line hits="0" number="421"/>
						<line hits="0" number="422"/>
						<line hits="0" number="423"/>
						<line hits="0" number="424"/>
						<line hits="0" number="425"/>
						<line hits="0" number="426"/>
						<line hits="0" number="427"/>
						<line hits="0" number="428"/>
						<line hits="0" number="429"/>
						<line hits="0" number="430"/>
						<line hits="0" number="431"/>
						<line hits="1" number="433"/>
						<line hits="0" number="436"/>
						<line hits="0" number="437"/>
						<line hits="0" number="438"/>
						<line hits="0" number="439"/>
						<line hits="0" number="440"/>
						<line hits="0" number="441"/>
						<line hits="0" number="442"/>
						<line hits="0" number="444"/>
						<line hits="0" number="447"/>
						<line hits="0" number="448"/>
						<line hits="0" number="451"/>
						<line hits="0" number="452"/>
						<line hits="0" number="453"/>
						<line hits="0" number="454"/>
						<line hits="0" number="455"/>
						<line hits="0" number="456"/>
						<line hits="0" number="458"/>
						<line hits="0" number="460"/>
						<line hits="0" number="462"/>
						<line hits="0" number="463"/>
						<line hits="0" number="465"/>
						<line hits="0" number="466"/>
						<line hits="0" number="468"/>
						<line hits="0" number="470"/>
						<line hits="0" number="472"/>
						<line hits="0" number="473"/>
						<line hits="0" number="474"/>
						<line hits="0" number="476"/>
						<line hits="0" number="477"/>
						<line hits="0" number="478"/>
						<line hits="0" number="479"/>
						<line hits="0" number="480"/>
						<line hits="0" number="481"/>
						<line hits="0" number="482"/>
						<line hits="0" number="484"/>
						<line hits="1" number="486"/>
						<line hits="0" number="490"/>
						<line hits="0" number="491"/>
						<line hits="0" number="494"/>
						<line hits="0" number="496"/>
						<line hits="0" number="497"/>
						<line hits="0" number="499"/>
						<line hits="0" number="500"/>
						<line hits="0" number="501"/>
						<line hits="0" number="502"/>
						<line hits="0" number="504"/>
						<line hits="0" number="506"/>
						<line hits="0" number="508"/>
						<line hits="0" number="510"/>
						<line hits="0" number="512"/>
						<line hits="0" number="513"/>
						<line hits="0" number="514"/>
						<line hits="0" number="515"/>
						<line hits="0" number="516"/>
						<line hits="0" number="520"/>
						<line hits="1" number="522"/>
						<line hits="0" number="524"/>
						<line hits="0" number="525"/>
						<line hits="0" number="527"/>
						<line hits="0" number="528"/>
						<line hits="0" number="529"/>
						<line hits="1" number="531"/>
						<line hits="1" number="532"/>
						<line hits="0" number="540"/>
						<line hits="0" number="541"/>
						<line hits="0" number="542"/>
						<line hits="0" number="543"/>
						<line hits="0" number="544"/>
						<line hits="0" number="545"/>
						<line hits="0" number="546"/>
						<line hits="0" number="552"/>
						<line hits="0" number="565"/>
						<line hits="0" number="569"/>
						<line hits="0" number="571"/>
						<line hits="0" number="572"/>
						<line hits="0" number="574"/>
						<line hits="0" number="576"/>
						<line hits="1" number="578"/>
						<line hits="1" number="579"/>
						<line hits="0" number="581"/>
						<line hits="0" number="582"/>
						<line hits="0" number="589"/>
						<line hits="0" number="590"/>
						<line hits="0" number="591"/>
						<line hits="0" number="593"/>
						<line hits="0" number="594"/>
						<line hits="0" number="596"/>
						<line hits="0" number="597"/>
						<line hits="0" number="601"/>
						<line hits="0" number="602"/>
						<line hits="0" number="603"/>
						<line hits="0" number="607"/>
						<line hits="0" number="609"/>
						<line hits="0" number="610"/>
						<line hits="0" number="612"/>
						<line hits="0" number="613"/>
						<line hits="1" number="615"/>
						<line hits="1" number="616"/>
						<line hits="0" number="618"/>
						<line hits="0" number="619"/>
						<line hits="0" number="620"/>
						<line hits="0" number="623"/>
						<line hits="0" number="625"/>
						<line hits="0" number="626"/>
						<line hits="0" number="627"/>
						<line hits="0" number="628"/>
						<line hits="0" number="629"/>
						<line hits="0" number="630"/>
						<line hits="1" number="634"/>
						<line hits="0" number="635"/>
						<line hits="0" number="636"/>
						<line hits="0" number="638"/>
						<line hits="1" number="640"/>
						<line hits="0" number="641"/>
						<line hits="0" number="652"/>
						<line hits="1" number="654"/>
						<line hits="0" number="656"/>
						<line hits="0" number="657"/>
						<line hits="0" number="658"/>
						<line hits="0" number="659"/>
						<line hits="0" number="660"/>
						<line hits="0" number="661"/>
						<line hits="0" number="662"/>
						<line hits="0" number="663"/>
						<line hits="0" number="665"/>
						<line hits="0" number="666"/>
						<line hits="0" number="667"/>
					</lines>
				</class>
				<class branch-rate="0" complexity="0" filename="/Users/hunseol/virtualenv/buzzni/lib/python3.6/site-packages/websockets/server.py" line-rate="0.1959" name="server.py">
					<methods/>
					<lines>
						<line hits="1" number="6"/>
						<line hits="1" number="7"/>
						<line hits="1" number="8"/>
						<line hits="1" number="9"/>
						<line hits="1" number="11"/>
						<line hits="1" number="12"/>
						<line hits="1" number="13"/>
						<line hits="1" number="14"/>
						<line hits="1" number="15"/>
						<line hits="1" number="18"/>
						<line hits="1" number="20"/>
						<line hits="1" number="23"/>
						<line hits="1" number="34"/>
						<line hits="1" number="36"/>
						<line hits="0" number="38"/>
						<line hits="0" number="39"/>
						<line hits="0" number="40"/>
						<line hits="0" number="41"/>
						<line hits="0" number="42"/>
						<line hits="0" number="43"/>
						<line hits="1" number="45"/>
						<line hits="0" number="46"/>
						<line hits="0" number="51"/>
						<line hits="0" number="52"/>
						<line hits="1" number="55"/>
						<line hits="0" number="59"/>
						<line hits="0" number="61"/>
						<line hits="0" number="62"/>
						<line hits="0" number="65"/>
						<line hits="0" number="66"/>
						<line hits="0" number="67"/>
						<line hits="0" number="68"/>
						<line hits="0" number="69"/>
						<line hits="0" number="70"/>
						<line hits="0" number="72"/>
						<line hits="0" number="73"/>
						<line hits="0" number="74"/>
						<line hits="0" number="75"/>
						<line hits="0" number="77"/>
						<line hits="0" number="78"/>
						<line hits="0" number="80"/>
						<line hits="0" number="81"/>
						<line hits="0" number="83"/>
						<line hits="0" number="84"/>
						<line hits="0" number="85"/>
						<line hits="0" number="86"/>
						<line hits="0" number="87"/>
						<line hits="0" number="89"/>
						<line hits="0" number="90"/>
						<line hits="0" number="91"/>
						<line hits="0" number="93"/>
						<line hits="0" number="94"/>
						<line hits="0" number="95"/>
						<line hits="0" number="96"/>
						<line hits="0" number="98"/>
						<line hits="0" number="99"/>
						<line hits="0" number="100"/>
						<line hits="0" number="101"/>
						<line hits="0" number="102"/>
						<line hits="0" number="104"/>
						<line hits="0" number="105"/>
						<line hits="0" number="107"/>
						<line hits="0" number="109"/>
						<line hits="0" number="110"/>
						<line hits="0" number="119"/>
						<line hits="1" number="121"/>
						<line hits="0" number="126"/>
						<line hits="1" number="131"/>
						<line hits="1" number="132"/>
						<line hits="0" number="150"/>
						<line hits="0" number="151"/>
						<line hits="0" number="152"/>
						<line hits="0" number="153"/>
						<line hits="0" number="155"/>
						<line hits="0" number="156"/>
						<line hits="0" number="158"/>
						<line hits="0" number="159"/>
						<line hits="0" number="161"/>
						<line hits="0" number="162"/>
						<line hits="0" number="163"/>
						<line hits="0" number="164"/>
						<line hits="0" number="166"/>
						<line hits="0" number="167"/>
						<line hits="0" number="168"/>
						<line hits="0" number="169"/>
						<line hits="0" number="170"/>
						<line hits="0" number="173"/>
						<line hits="0" number="174"/>
						<line hits="0" number="175"/>
						<line hits="0" number="176"/>
						<line hits="0" number="177"/>
						<line hits="0" number="178"/>
						<line hits="0" number="179"/>
						<line hits="0" number="180"/>
						<line hits="0" number="181"/>
						<line hits="0" number="182"/>
						<line hits="0" number="183"/>
						<line hits="0" number="184"/>
						<line hits="0" number="185"/>
						<line hits="0" number="187"/>
						<line hits="0" number="188"/>
						<line hits="0" number="189"/>
						<line hits="0" number="190"/>
						<line hits="0" number="194"/>
						<line hits="0" number="195"/>
						<line hits="0" number="196"/>
						<line hits="0" number="197"/>
						<line hits="0" number="198"/>
						<line hits="0" number="200"/>
						<line hits="0" number="201"/>
						<line hits="0" number="202"/>
						<line hits="0" number="204"/>
						<line hits="1" number="206"/>
						<line hits="0" number="212"/>
						<line hits="0" number="213"/>
						<line hits="0" number="214"/>
						<line hits="0" number="215"/>
						<line hits="0" number="216"/>
						<line hits="1" number="219"/>
						<line hits="1" number="224"/>
						<line hits="0" number="226"/>
						<line hits="0" number="228"/>
						<line hits="0" number="229"/>
						<line hits="1" number="231"/>
						<line hits="0" number="245"/>
						<line hits="1" number="247"/>
						<line hits="0" number="248"/>
						<line hits="1" number="250"/>
						<line hits="0" number="251"/>
						<line hits="1" number="253"/>
						<line hits="0" number="260"/>
						<line hits="0" number="263"/>
						<line hits="0" number="272"/>
						<line hits="0" number="273"/>
						<line hits="1" number="275"/>
						<line hits="0" number="284"/>
						<line hits="0" number="287"/>
						<line hits="0" number="291"/>
						<line hits="1" number="294"/>
						<line hits="1" number="295"/>
						<line hits="0" number="351"/>
						<line hits="0" number="352"/>
						<line hits="0" number="354"/>
						<line hits="0" number="356"/>
						<line hits="0" number="357"/>
						<line hits="0" number="365"/>
						<line hits="0" number="367"/>
						<line hits="0" number="369"/>
					</lines>
				</class>
				<class branch-rate="0" complexity="0" filename="/Users/hunseol/virtualenv/buzzni/lib/python3.6/site-packages/websockets/uri.py" line-rate="0.2917" name="uri.py">
					<methods/>
					<lines>
						<line hits="1" number="9"/>
						<line hits="1" number="10"/>
						<line hits="1" number="12"/>
						<line hits="1" number="15"/>
						<line hits="1" number="17"/>
						<line hits="1" number="19"/>
						<line hits="1" number="29"/>
						<line hits="0" number="38"/>
						<line hits="0" number="39"/>
						<line hits="0" number="40"/>
						<line hits="0" number="41"/>
						<line hits="0" number="42"/>
						<line hits="0" number="43"/>
						<line hits="0" number="44"/>
						<line hits="0" number="45"/>
						<line hits="0" number="46"/>
						<line hits="0" number="47"/>
						<line hits="0" number="49"/>
						<line hits="0" number="50"/>
						<line hits="0" number="51"/>
						<line hits="0" number="52"/>
						<line hits="0" number="53"/>
						<line hits="0" number="54"/>
						<line hits="0" number="55"/>
					</lines>
				</class>
				<class branch-rate="0" complexity="0" filename="/Users/hunseol/virtualenv/buzzni/lib/python3.6/site-packages/websockets/version.py" line-rate="1" name="version.py">
					<methods/>
					<lines>
						<line hits="1" number="1"/>
					</lines>
				</class>
			</classes>
		</package>
		<package branch-rate="0" complexity="0" line-rate="0.5455" name=".Users.hunseol.virtualenv.buzzni.lib.python3.6.site-packages.websockets.py35">
			<classes>
				<class branch-rate="0" complexity="0" filename="/Users/hunseol/virtualenv/buzzni/lib/python3.6/site-packages/websockets/py35/__init__.py" line-rate="1" name="__init__.py">
					<methods/>
					<lines/>
				</class>
				<class branch-rate="0" complexity="0" filename="/Users/hunseol/virtualenv/buzzni/lib/python3.6/site-packages/websockets/py35/client.py" line-rate="0.5455" name="client.py">
					<methods/>
					<lines>
						<line hits="1" number="1"/>
						<line hits="1" number="8"/>
						<line hits="0" number="9"/>
						<line hits="1" number="11"/>
						<line hits="0" number="12"/>
						<line hits="0" number="13"/>
						<line hits="1" number="15"/>
						<line hits="0" number="16"/>
						<line hits="1" number="18"/>
						<line hits="0" number="19"/>
						<line hits="1" number="21"/>
					</lines>
				</class>
			</classes>
		</package>
		<package branch-rate="0" complexity="0" line-rate="0.125" name="test">
			<classes>
				<class branch-rate="0" complexity="0" filename="test/test-view.py" line-rate="0.125" name="test-view.py">
					<methods/>
					<lines>
						<line hits="1" number="7"/>
						<line hits="1" number="9"/>
						<line hits="1" number="11"/>
						<line hits="0" number="13"/>
						<line hits="0" number="14"/>
						<line hits="0" number="16"/>
						<line hits="0" number="17"/>
						<line hits="0" number="19"/>
						<line hits="0" number="20"/>
						<line hits="0" number="23"/>
						<line hits="0" number="24"/>
						<line hits="0" number="25"/>
						<line hits="0" number="28"/>
						<line hits="0" number="29"/>
						<line hits="0" number="30"/>
						<line hits="0" number="33"/>
						<line hits="0" number="34"/>
						<line hits="0" number="35"/>
						<line hits="0" number="38"/>
						<line hits="0" number="39"/>
						<line hits="0" number="40"/>
						<line hits="0" number="43"/>
						<line hits="0" number="44"/>
						<line hits="0" number="45"/>
					</lines>
				</class>
			</classes>
		</package>
	</packages>
</coverage>
